#
# An unexpected error has been detected by Java Runtime Environment:
#
#  EXCEPTION_ACCESS_VIOLATION (0xc0000005) at pc=0x0000000011695110, pid=3620, tid=3128
#
# Java VM: Java HotSpot(TM) 64-Bit Server VM (1.6.0-b105 mixed mode)
# Problematic frame:
# C  [awt.dll+0x185110]
#
# If you would like to submit a bug report, please visit:
#   http://java.sun.com/webapps/bugreport/crash.jsp
#

---------------  T H R E A D  ---------------

Current thread (0x00000000041fa800):  JavaThread "AWT-EventQueue-0" [_thread_in_native, id=3128]

siginfo: ExceptionCode=0xc0000005, reading address 0xffffffffffffffff

Registers:
EAX=0xff10004a294ce83d, EBX=0x0000000000000001, ECX=0x000000002d5a7e20, EDX=0x00000000112ed040
ESP=0x0000000011c7e7d0, EBP=0x000000001150b790, ESI=0x00000000041fa990, EDI=0x0000000000000000
EIP=0x0000000011695110, EFLAGS=0x0000000000010206

Top of Stack: (sp=0x0000000011c7e7d0)
0x0000000011c7e7d0:   00000000041fa800 0000000000000000
0x0000000011c7e7e0:   0000000011c7e920 0000000012d3ee30
0x0000000011c7e7f0:   0000000000000001 0000000011696dd3
0x0000000011c7e800:   0000000000000001 000000001150b790
0x0000000011c7e810:   00000000041fa990 0000000000000000
0x0000000011c7e820:   00000000112ed040 00000000136c61a8
0x0000000011c7e830:   0000000000000004 00000000122cd810
0x0000000011c7e840:   0000000000000000 0000000000000000
0x0000000011c7e850:   0000000000000001 0000000000000102
0x0000000011c7e860:   000000000ba7308e 0000000000000001
0x0000000011c7e870:   0000000011c7e8f8 000000000ba7fc24
0x0000000011c7e880:   0000000000000000 000000002375ec08
0x0000000011c7e890:   0000000000000000 0000000012d3ee30
0x0000000011c7e8a0:   0000000000000001 0000000000000000
0x0000000011c7e8b0:   0000000011c7e8a0 0000000011c7e8b8
0x0000000011c7e8c0:   0000000000000000 0000000011c7e920 

Instructions: (pc=0x0000000011695110)
0x0000000011695100:   e8 5b 72 f9 ff 48 8b 0d 04 9a 08 00 48 8b 04 d8
0x0000000011695110:   48 8b 58 30 e8 67 72 f9 ff 48 8b c3 48 83 c4 20 


Stack: [0x0000000011c00000,0x0000000011c80000),  sp=0x0000000011c7e7d0,  free space=505k
Native frames: (J=compiled Java code, j=interpreted, Vv=VM code, C=native code)
C  [awt.dll+0x185110]

Java frames: (J=compiled Java code, j=interpreted, Vv=VM code)
j  sun.awt.Win32GraphicsConfig.getBounds(I)Ljava/awt/Rectangle;+0
j  sun.awt.Win32GraphicsConfig.getBounds()Ljava/awt/Rectangle;+8
j  com.mathworks.mwswing.MJUtilities.getVirtualScreenBounds()Ljava/awt/Rectangle;+72
j  com.mathworks.widgets.tokenmatch.TokenMatchPopup.outOfScreenBounds(Ljava/awt/Rectangle;ZZ)Z+0
j  com.mathworks.widgets.tokenmatch.TokenMatchPopup.startTimerAndShowPopupIfNecessary(Ljavax/swing/text/JTextComponent;[IZILcom/mathworks/widgets/tokenmatch/TokenMatchPopup$TokenMatchListener;Lcom/mathworks/widgets/tokenmatch/TokenMatchPopup$Language;)V+380
j  com.mathworks.widgets.text.MWCaret$DelimiterMatchingImpl.startTimerAndShowPopupIfNecessary(Ljavax/swing/text/JTextComponent;[IZILcom/mathworks/widgets/tokenmatch/TokenMatchPopup$TokenMatchListener;Lcom/mathworks/widgets/tokenmatch/TokenMatchPopup$Language;)V+12
j  com.mathworks.widgets.text.MWCaret.doTokenMatchPopup([IZI)V+59
j  com.mathworks.widgets.text.MWCaret.drawNewMarks(ZZ[II)V+76
j  com.mathworks.widgets.text.MWCaret.updateMatchBrace(ZI)V+348
j  com.mathworks.widgets.text.MWCaret.updateMatchBrace(Z)V+6
j  com.mathworks.widgets.text.MWCaret.mousePressed(Ljava/awt/event/MouseEvent;)V+79
j  com.mathworks.mwswing.datatransfer.MWMouseDragGestureRecognizer.mousePressed(Ljava/awt/event/MouseEvent;)V+43
j  java.awt.AWTEventMulticaster.mousePressed(Ljava/awt/event/MouseEvent;)V+21
j  java.awt.AWTEventMulticaster.mousePressed(Ljava/awt/event/MouseEvent;)V+8
j  java.awt.Component.processMouseEvent(Ljava/awt/event/MouseEvent;)V+54
j  javax.swing.JComponent.processMouseEvent(Ljava/awt/event/MouseEvent;)V+23
J  java.awt.Container.processEvent(Ljava/awt/AWTEvent;)V
j  java.awt.Component.dispatchEventImpl(Ljava/awt/AWTEvent;)V+562
J  java.awt.Container.dispatchEventImpl(Ljava/awt/AWTEvent;)V
J  java.awt.LightweightDispatcher.retargetMouseEvent(Ljava/awt/Component;ILjava/awt/event/MouseEvent;)V
j  java.awt.LightweightDispatcher.processMouseEvent(Ljava/awt/event/MouseEvent;)Z+126
J  java.awt.Container.dispatchEventImpl(Ljava/awt/AWTEvent;)V
j  java.awt.Window.dispatchEventImpl(Ljava/awt/AWTEvent;)V+19
J  java.awt.EventDispatchThread.pumpOneEventForFilters(I)Z
J  java.awt.EventDispatchThread.pumpEventsForFilter(ILjava/awt/Conditional;Ljava/awt/EventFilter;)V
j  java.awt.EventDispatchThread.pumpEventsForHierarchy(ILjava/awt/Conditional;Ljava/awt/Component;)V+11
j  java.awt.EventDispatchThread.pumpEvents(ILjava/awt/Conditional;)V+4
j  java.awt.EventDispatchThread.pumpEvents(Ljava/awt/Conditional;)V+3
j  java.awt.EventDispatchThread.run()V+9
v  ~StubRoutines::call_stub

---------------  P R O C E S S  ---------------

Java Threads: ( => current thread )
  0x000000002c80b400 JavaThread "Thread-115" [_thread_blocked, id=3960]
  0x000000002c807c00 JavaThread "Thread-113" [_thread_blocked, id=3840]
  0x000000002c809000 JavaThread "Thread-112" [_thread_blocked, id=3084]
  0x000000002c808c00 JavaThread "Thread-106" [_thread_blocked, id=908]
  0x000000002d350800 JavaThread "Thread-62" [_thread_blocked, id=468]
  0x000000002d351800 JavaThread "Thread-61" [_thread_blocked, id=552]
  0x000000002d350000 JavaThread "Prefs Updater" [_thread_blocked, id=2212]
  0x000000002c808400 JavaThread "Thread-8" [_thread_blocked, id=3692]
  0x000000002c807400 JavaThread "Thread-6" [_thread_blocked, id=2956]
  0x000000002c806c00 JavaThread "Thread-5" [_thread_blocked, id=748]
  0x000000002c806800 JavaThread "Active Reference Queue Daemon" daemon [_thread_blocked, id=164]
  0x000000002c806000 JavaThread "Timer-2" daemon [_thread_blocked, id=1524]
  0x000000002c805800 JavaThread "Timer-1" daemon [_thread_blocked, id=2272]
  0x000000002c803c00 JavaThread "TimerQueue" daemon [_thread_blocked, id=1908]
=>0x00000000041fa800 JavaThread "AWT-EventQueue-0" [_thread_in_native, id=3128]
  0x00000000041f8400 JavaThread "Timer-0" [_thread_blocked, id=3564]
  0x00000000041f7c00 JavaThread "AWT-Windows" daemon [_thread_in_native, id=3980]
  0x00000000041f7400 JavaThread "AWT-Shutdown" [_thread_blocked, id=1596]
  0x00000000041f7000 JavaThread "Java2D Disposer" daemon [_thread_blocked, id=1172]
  0x00000000041f6800 JavaThread "Low Memory Detector" daemon [_thread_blocked, id=2512]
  0x00000000041f6000 JavaThread "CompilerThread1" daemon [_thread_blocked, id=2620]
  0x00000000041f5800 JavaThread "CompilerThread0" daemon [_thread_blocked, id=152]
  0x00000000041f5000 JavaThread "Attach Listener" daemon [_thread_blocked, id=2868]
  0x00000000041f4c00 JavaThread "Signal Dispatcher" daemon [_thread_blocked, id=2344]
  0x00000000041f4400 JavaThread "Finalizer" daemon [_thread_blocked, id=500]
  0x00000000041f3c00 JavaThread "Reference Handler" daemon [_thread_blocked, id=3852]
  0x00000000041f3400 JavaThread "main" [_thread_in_native, id=3096]

Other Threads:
  0x0000000004221c00 VMThread [id=2140]
  0x0000000004222400 WatcherThread [id=3388]

VM state:not at safepoint (normal execution)

VM Mutex/Monitor currently owned by a thread: None

Heap
 PSYoungGen      total 16320K, used 5935K [0x00000000235a0000, 0x0000000024bf0000, 0x00000000266a0000)
  eden space 12224K, 15% used [0x00000000235a0000,0x000000002376ff48,0x0000000024190000)
  from space 4096K, 99% used [0x0000000024660000,0x0000000024a5bd20,0x0000000024a60000)
  to   space 4928K, 0% used [0x0000000024190000,0x0000000024190000,0x0000000024660000)
 PSOldGen        total 150528K, used 81103K [0x000000001a2a0000, 0x00000000235a0000, 0x00000000235a0000)
  object space 150528K, 53% used [0x000000001a2a0000,0x000000001f1d3c00,0x00000000235a0000)
 PSPermGen       total 43776K, used 42302K [0x00000000122a0000, 0x0000000014d60000, 0x000000001a2a0000)
  object space 43776K, 96% used [0x00000000122a0000,0x0000000014befa88,0x0000000014d60000)

Dynamic libraries:
0x0000000140000000 - 0x00000001400ed000 	C:\Program Files\MATLAB\R2007b\bin\win64\MATLAB.exe
0x0000000077ec0000 - 0x0000000077ffb000 	C:\WINDOWS\system32\ntdll.dll
0x0000000077d40000 - 0x0000000077eb3000 	C:\WINDOWS\system32\kernel32.dll
0x0000000180000000 - 0x00000001801fb000 	C:\Program Files\MATLAB\R2007b\bin\win64\libmwservices.dll
0x0000000001350000 - 0x00000000013af000 	C:\Program Files\MATLAB\R2007b\bin\win64\libmwmathutil.dll
0x00000000013c0000 - 0x000000000142b000 	C:\Program Files\MATLAB\R2007b\bin\win64\libmx.dll
0x0000000001440000 - 0x0000000001845000 	C:\Program Files\MATLAB\R2007b\bin\win64\libut.dll
0x000007ff7e470000 - 0x000007ff7e483000 	C:\WINDOWS\system32\imagehlp.dll
0x000007ff7fc00000 - 0x000007ff7fc86000 	C:\WINDOWS\system32\msvcrt.dll
0x000007ff7e380000 - 0x000007ff7e390000 	C:\WINDOWS\system32\PSAPI.DLL
0x0000000012000000 - 0x0000000012292000 	C:\Program Files\MATLAB\R2007b\bin\win64\xerces-c_2_7.dll
0x000000004a800000 - 0x000000004a920000 	C:\Program Files\MATLAB\R2007b\bin\win64\icuuc36.dll
0x000007ff7fee0000 - 0x000007ff7ffe6000 	C:\WINDOWS\system32\ADVAPI32.dll
0x000007ff7fd30000 - 0x000007ff7fec9000 	C:\WINDOWS\system32\RPCRT4.dll
0x000007ff7e9c0000 - 0x000007ff7e9e2000 	C:\WINDOWS\system32\Secur32.dll
0x0000000010000000 - 0x0000000010003000 	C:\Program Files\MATLAB\R2007b\bin\win64\icudt36.dll
0x0000000078130000 - 0x00000000781f9000 	C:\WINDOWS\WinSxS\amd64_Microsoft.VC80.CRT_1fc8b3b9a1e18e3b_8.0.50727.3053_x-ww_EA198EAA\MSVCR80.dll
0x000007ff77310000 - 0x000007ff77340000 	C:\WINDOWS\system32\WS2_32.dll
0x000007ff77140000 - 0x000007ff7714c000 	C:\WINDOWS\system32\WS2HELP.dll
0x0000000001890000 - 0x00000000019a2000 	C:\Program Files\MATLAB\R2007b\bin\win64\icuin36.dll
0x000000004ab00000 - 0x000000004ab11000 	C:\Program Files\MATLAB\R2007b\bin\win64\icuio36.dll
0x000000007c420000 - 0x000000007c529000 	C:\WINDOWS\WinSxS\amd64_Microsoft.VC80.CRT_1fc8b3b9a1e18e3b_8.0.50727.3053_x-ww_EA198EAA\MSVCP80.dll
0x0000000077c20000 - 0x0000000077d2c000 	C:\WINDOWS\system32\USER32.dll
0x000007ff7fc90000 - 0x000007ff7fd2c000 	C:\WINDOWS\system32\GDI32.dll
0x00000000019d0000 - 0x00000000019e7000 	C:\Program Files\MATLAB\R2007b\bin\win64\zlib1.dll
0x00000000019f0000 - 0x0000000001a44000 	C:\Program Files\MATLAB\R2007b\bin\win64\mpath.dll
0x000007ff76200000 - 0x000007ff762ef000 	C:\WINDOWS\WinSxS\amd64_Microsoft.Windows.Common-Controls_6595b64144ccf1df_5.82.3790.3959_x-ww_AB06DEB0\COMCTL32.dll
0x000007ff7d540000 - 0x000007ff7d5b7000 	C:\WINDOWS\system32\comdlg32.dll
0x000007ff7ef60000 - 0x000007ff7effb000 	C:\WINDOWS\system32\SHLWAPI.dll
0x000007ff7f190000 - 0x000007ff7fb9b000 	C:\WINDOWS\system32\SHELL32.dll
0x000007ff77370000 - 0x000007ff77409000 	C:\WINDOWS\system32\NETAPI32.dll
0x0000000001a60000 - 0x0000000001aaf000 	C:\Program Files\MATLAB\R2007b\bin\win64\mcr.dll
0x0000000001ac0000 - 0x0000000001ade000 	C:\Program Files\MATLAB\R2007b\bin\win64\bridge.dll
0x0000000001af0000 - 0x0000000001b00000 	C:\Program Files\MATLAB\R2007b\bin\win64\iqm.dll
0x0000000001b10000 - 0x0000000001b21000 	C:\Program Files\MATLAB\R2007b\bin\win64\libmex.dll
0x0000000001b40000 - 0x0000000001bc4000 	C:\Program Files\MATLAB\R2007b\bin\win64\m_dispatcher.dll
0x0000000001be0000 - 0x0000000001c05000 	C:\Program Files\MATLAB\R2007b\bin\win64\datasvcs.dll
0x0000000001c20000 - 0x000000000244e000 	C:\Program Files\MATLAB\R2007b\bin\win64\m_interpreter.dll
0x000007ff724e0000 - 0x000007ff7261e000 	C:\WINDOWS\system32\dbghelp.dll
0x000007ff7fbf0000 - 0x000007ff7fbfb000 	C:\WINDOWS\system32\VERSION.dll
0x0000000002460000 - 0x0000000002490000 	C:\Program Files\MATLAB\R2007b\bin\win64\libmat.dll
0x00000000024a0000 - 0x00000000025b2000 	C:\Program Files\MATLAB\R2007b\bin\win64\libhdf5.dll
0x00000000025c0000 - 0x00000000025cb000 	C:\Program Files\MATLAB\R2007b\bin\win64\libmwmathrng.dll
0x00000000025e0000 - 0x0000000002628000 	C:\Program Files\MATLAB\R2007b\bin\win64\m_ir.dll
0x0000000002640000 - 0x0000000002bf8000 	C:\Program Files\MATLAB\R2007b\bin\win64\m_parser.dll
0x0000000002c10000 - 0x0000000002c20000 	C:\Program Files\MATLAB\R2007b\bin\win64\ir_xfmr.dll
0x0000000002c30000 - 0x0000000002de6000 	C:\Program Files\MATLAB\R2007b\bin\win64\mcos.dll
0x0000000002e00000 - 0x0000000002e0c000 	C:\Program Files\MATLAB\R2007b\bin\win64\mtok.dll
0x0000000002e20000 - 0x0000000002e40000 	C:\Program Files\MATLAB\R2007b\bin\win64\m_pcodegen.dll
0x0000000002e50000 - 0x0000000002e6b000 	C:\Program Files\MATLAB\R2007b\bin\win64\m_pcodeio.dll
0x0000000002e80000 - 0x0000000002eec000 	C:\Program Files\MATLAB\R2007b\bin\win64\profiler.dll
0x0000000002f00000 - 0x0000000002f12000 	C:\Program Files\MATLAB\R2007b\bin\win64\boost_thread-vc80-mt-1_33_1.dll
0x0000000002f30000 - 0x0000000002ff0000 	C:\Program Files\MATLAB\R2007b\bin\win64\udd.dll
0x0000000003000000 - 0x000000000306b000 	C:\Program Files\MATLAB\R2007b\bin\win64\comcli.dll
0x0000000003080000 - 0x00000000030d2000 	C:\Program Files\MATLAB\R2007b\bin\win64\jmi.dll
0x000007ff770f0000 - 0x000007ff770fa000 	C:\WINDOWS\system32\WSOCK32.dll
0x00000000030f0000 - 0x000000000319f000 	C:\Program Files\MATLAB\R2007b\bin\win64\uiw.dll
0x00000000031b0000 - 0x00000000032c6000 	C:\Program Files\MATLAB\R2007b\bin\win64\libmwgui.dll
0x00000000032e0000 - 0x000000000331e000 	C:\Program Files\MATLAB\R2007b\bin\win64\libmwhardcopy.dll
0x0000000003330000 - 0x0000000003381000 	C:\Program Files\MATLAB\R2007b\bin\win64\libuij.dll
0x00000000033a0000 - 0x00000000033aa000 	C:\Program Files\MATLAB\R2007b\bin\win64\uinone.dll
0x00000000033c0000 - 0x000000000355b000 	C:\WINDOWS\WinSxS\amd64_Microsoft.VC80.MFC_1fc8b3b9a1e18e3b_8.0.50727.762_x-ww_6E02DFE5\MFC80.DLL
0x000007ff78f10000 - 0x000007ff78f51000 	C:\WINDOWS\system32\WINSPOOL.DRV
0x000007ff57140000 - 0x000007ff573c5000 	C:\WINDOWS\system32\ole32.dll
0x000007ff7ebc0000 - 0x000007ff7ecd6000 	C:\WINDOWS\system32\OLEAUT32.dll
0x000000007c630000 - 0x000000007c650000 	C:\WINDOWS\WinSxS\amd64_Microsoft.VC80.ATL_1fc8b3b9a1e18e3b_8.0.50727.4053_x-ww_79404CDD\ATL80.DLL
0x0000000003560000 - 0x0000000003770000 	C:\Program Files\MATLAB\R2007b\bin\win64\hg.dll
0x0000000003780000 - 0x00000000039f9000 	C:\Program Files\MATLAB\R2007b\bin\win64\numerics.dll
0x0000000003a10000 - 0x0000000003a1c000 	C:\Program Files\MATLAB\R2007b\bin\win64\libmwamd.dll
0x0000000003a20000 - 0x0000000003ab1000 	C:\Program Files\MATLAB\R2007b\bin\win64\libmwcholmod.dll
0x0000000003ac0000 - 0x0000000003acb000 	C:\Program Files\MATLAB\R2007b\bin\win64\libmwcolamd.dll
0x0000000003ad0000 - 0x0000000003aee000 	C:\Program Files\MATLAB\R2007b\bin\win64\libmwlapack.dll
0x0000000003b00000 - 0x0000000003b10000 	C:\Program Files\MATLAB\R2007b\bin\win64\libmwbinder.dll
0x0000000003b20000 - 0x0000000003b2c000 	C:\Program Files\MATLAB\R2007b\bin\win64\libmwblas.dll
0x0000000003b40000 - 0x0000000003b48000 	C:\Program Files\MATLAB\R2007b\bin\win64\libmwcsparse.dll
0x0000000003b50000 - 0x0000000003b7d000 	C:\Program Files\MATLAB\R2007b\bin\win64\libmwma57.dll
0x0000000003b80000 - 0x0000000003c4c000 	C:\Program Files\MATLAB\R2007b\bin\win64\libifcoremd.dll
0x0000000003c50000 - 0x0000000003e6a000 	C:\Program Files\MATLAB\R2007b\bin\win64\libmmd.dll
0x0000000003e70000 - 0x0000000003f39000 	C:\Program Files\MATLAB\R2007b\bin\win64\libmwumfpack.dll
0x0000000003f40000 - 0x0000000003fe6000 	C:\Program Files\MATLAB\R2007b\bin\win64\libfftw3.dll
0x0000000004000000 - 0x00000000040a1000 	C:\Program Files\MATLAB\R2007b\bin\win64\libfftw3f.dll
0x00000000040c0000 - 0x00000000040ce000 	C:\Program Files\MATLAB\R2007b\bin\win64\mlautoregister.dll
0x00000000040e0000 - 0x00000000040f7000 	C:\Program Files\MATLAB\R2007b\bin\win64\mwoles05.DLL
0x0000000004110000 - 0x000000000419f000 	C:\Program Files\MATLAB\R2007b\bin\win64\udd_mi.dll
0x000007ff7d500000 - 0x000007ff7d539000 	C:\WINDOWS\system32\IMM32.DLL
0x000007ff69300000 - 0x000007ff6930d000 	C:\WINDOWS\system32\LPK.DLL
0x000007ff78e80000 - 0x000007ff78f0e000 	C:\WINDOWS\system32\USP10.dll
0x000007ff7f000000 - 0x000007ff7f187000 	C:\WINDOWS\WinSxS\amd64_Microsoft.Windows.Common-Controls_6595b64144ccf1df_6.0.3790.3959_x-ww_0A7B2435\comctl32.dll
0x000000005d360000 - 0x000000005d36d000 	C:\WINDOWS\WinSxS\amd64_Microsoft.VC80.MFCLOC_1fc8b3b9a1e18e3b_8.0.50727.762_x-ww_C351F8E3\MFC80ENU.DLL
0x00000000084a0000 - 0x0000000008a47000 	C:\Program Files\MATLAB\R2007b\bin\win64\mllapack.dll
0x0000000008a50000 - 0x00000000091d2000 	C:\Program Files\MATLAB\R2007b\bin\win64\mkl.dll
0x00000000073e0000 - 0x0000000007425000 	C:\Program Files\MATLAB\R2007b\bin\win64\libguide40.dll
0x0000000007450000 - 0x0000000007456000 	C:\Program Files\MATLAB\R2007b\bin\win64\mklcompat.dll
0x000007ff77230000 - 0x000007ff772af000 	C:\WINDOWS\system32\uxtheme.dll
0x000007ff7ce50000 - 0x000007ff7ce91000 	C:\WINDOWS\system32\apphelp.dll
0x000007ff58af0000 - 0x000007ff58b4c000 	C:\WINDOWS\system32\msctfime.ime
0x000007ff799e0000 - 0x000007ff799e4000 	C:\WINDOWS\system32\icmp.Dll
0x000007ff57040000 - 0x000007ff57071000 	C:\WINDOWS\system32\iphlpapi.dll
0x000000000b480000 - 0x000000000b9d1000 	C:\Program Files\MATLAB\R2007b\sys\java\jre\win64\jre1.6.0\bin\server\jvm.dll
0x000007ff7e240000 - 0x000007ff7e290000 	C:\WINDOWS\system32\WINMM.dll
0x000000000b9f0000 - 0x000000000b9fa000 	C:\Program Files\MATLAB\R2007b\sys\java\jre\win64\jre1.6.0\bin\hpi.dll
0x000000000ba10000 - 0x000000000ba1e000 	C:\Program Files\MATLAB\R2007b\sys\java\jre\win64\jre1.6.0\bin\verify.dll
0x000000000ba20000 - 0x000000000ba47000 	C:\Program Files\MATLAB\R2007b\sys\java\jre\win64\jre1.6.0\bin\java.dll
0x000000000ba50000 - 0x000000000ba62000 	C:\Program Files\MATLAB\R2007b\sys\java\jre\win64\jre1.6.0\bin\zip.dll
0x0000000011510000 - 0x0000000011760000 	C:\Program Files\MATLAB\R2007b\sys\java\jre\win64\jre1.6.0\bin\awt.dll
0x00000000118e0000 - 0x00000000118f6000 	C:\Program Files\MATLAB\R2007b\bin\win64\nativejava.dll
0x0000000011910000 - 0x0000000011926000 	C:\Program Files\MATLAB\R2007b\bin\win64\nativejmi.dll
0x00000000119c0000 - 0x00000000119c7000 	C:\Program Files\MATLAB\R2007b\bin\win64\nativeservices.dll
0x00000000119f0000 - 0x0000000011a59000 	C:\Program Files\MATLAB\R2007b\sys\java\jre\win64\jre1.6.0\bin\fontmanager.dll
0x0000000011ae0000 - 0x0000000011af7000 	C:\Program Files\MATLAB\R2007b\sys\java\jre\win64\jre1.6.0\bin\net.dll
0x0000000011b00000 - 0x0000000011b0b000 	C:\Program Files\MATLAB\R2007b\sys\java\jre\win64\jre1.6.0\bin\nio.dll
0x0000000011d80000 - 0x0000000011d8d000 	C:\Program Files\MATLAB\R2007b\bin\win64\nativecmdwin.dll
0x0000000011f20000 - 0x0000000011f29000 	C:\Program Files\MATLAB\R2007b\bin\win64\nativemlint.dll
0x0000000011f40000 - 0x0000000011f8f000 	C:\Program Files\MATLAB\R2007b\bin\win64\mlint.dll
0x0000000011fa0000 - 0x0000000011fa7000 	C:\Program Files\MATLAB\R2007b\bin\win64\nativelex.dll
0x000000000a480000 - 0x000000000a596000 	C:\WINDOWS\system32\spool\DRIVERS\x64\3\hpmdp091.dll
0x000007ff51d40000 - 0x000007ff51e1b000 	C:\WINDOWS\system32\spool\DRIVERS\x64\3\UNIDRVUI.DLL
0x000000000aa80000 - 0x000000000abf1000 	C:\Program Files\MATLAB\R2007b\bin\win64\libmwbuiltins.dll
0x00000000074b0000 - 0x00000000074e1000 	C:\Program Files\MATLAB\R2007b\bin\win64\hgbuiltins.dll
0x0000000007500000 - 0x0000000007509000 	C:\Program Files\MATLAB\R2007b\bin\win64\nativehg.dll
0x00000000075a0000 - 0x00000000075a8000 	C:\Program Files\MATLAB\R2007b\toolbox\matlab\ops\ismembc.mexw64
0x00000000075c0000 - 0x00000000075c8000 	C:\Program Files\MATLAB\R2007b\toolbox\matlab\ops\ismembc2.mexw64
0x00000000075e0000 - 0x00000000075ed000 	C:\Program Files\MATLAB\R2007b\toolbox\matlab\graph2d\private\lineseriesmex.mexw64
0x0000000007520000 - 0x0000000007527000 	C:\Program Files\MATLAB\R2007b\sys\java\jre\win64\jre1.6.0\bin\jawt.dll
0x0000000007540000 - 0x0000000007549000 	C:\Program Files\MATLAB\R2007b\toolbox\matlab\timefun\private\dtstr2dtnummx.mexw64
0x0000000007560000 - 0x0000000007568000 	C:\Program Files\MATLAB\R2007b\toolbox\matlab\timefun\private\getmonthnamesmx.mexw64
0x0000000007580000 - 0x0000000007587000 	C:\Program Files\MATLAB\R2007b\toolbox\matlab\timefun\private\getampmtokensmx.mexw64
0x0000000007680000 - 0x0000000007689000 	C:\Program Files\MATLAB\R2007b\toolbox\matlab\timefun\private\dtstr2dtvecmx.mexw64

VM Arguments:
jvm_args: -Xss512k -XX:PermSize=32M -Xms64m -XX:NewRatio=3 -XX:MaxPermSize=128M -Xmx196m -XX:MaxDirectMemorySize=2147400000 -Dsun.java2d.noddraw=true -Dsun.awt.nopixfmt=true -Xshare:off -Djava.library.path=C:\Program Files\MATLAB\R2007b\bin\win64 vfprintf abort
java_command: <unknown>
Launcher Type: generic

Environment Variables:
CLASSPATH=.;C:\Program Files (x86)\Java\jre6\lib\ext\QTJava.zip
PATH=c:\perl\bin\;c:\windows\system32;c:\windows;c:\windows\system32\wbem;C:\Program Files\MATLAB\R2007b\bin;C:\Program Files\MATLAB\R2007b\bin\win64;c:\program files\matlab\r2007a\bin;C:\Program Files (x86)\MATLAB\R2007a\bin;C:\Program Files (x86)\MATLAB\R2007a\bin\win32;c:\program files\matlab\r2007a\bin\win64;c:\program files\hummingbird\connectivity\11.00\accessories\;C:\Program Files (x86)\QuickTime\QTSystem\
USERNAME=bgc
OS=Windows_NT
PROCESSOR_IDENTIFIER=EM64T Family 6 Model 23 Stepping 10, GenuineIntel



---------------  S Y S T E M  ---------------

OS: Windows Server 2003 family Build 3790 Service Pack 2

CPU:total 4 em64t ht

Memory: 4k page, physical 16774508k(12961124k free), swap 18260236k(15133704k free)

vm_info: Java HotSpot(TM) 64-Bit Server VM (1.6.0-b105) for windows-amd64, built on Nov 29 2006 00:38:01 by "java_re" with unknown MS VC++:1400

