#
# An unexpected error has been detected by Java Runtime Environment:
#
#  EXCEPTION_ACCESS_VIOLATION (0xc0000005) at pc=0x0000000011995110, pid=4692, tid=4504
#
# Java VM: Java HotSpot(TM) 64-Bit Server VM (1.6.0-b105 mixed mode)
# Problematic frame:
# C  [awt.dll+0x185110]
#
# If you would like to submit a bug report, please visit:
#   http://java.sun.com/webapps/bugreport/crash.jsp
#

---------------  T H R E A D  ---------------

Current thread (0x0000000011139400):  JavaThread "AWT-EventQueue-0" [_thread_in_native, id=4504]

siginfo: ExceptionCode=0xc0000005, reading address 0xffffffffffffffff

Registers:
EAX=0x8000000b73039039, EBX=0x0000000000000001, ECX=0x000000002e25b7b0, EDX=0x000000002e25b7c0
ESP=0x0000000011e4f130, EBP=0x00000000111255f0, ESI=0x0000000011139590, EDI=0x0000000000000000
EIP=0x0000000011995110, EFLAGS=0x0000000000010202

Top of Stack: (sp=0x0000000011e4f130)
0x0000000011e4f130:   0000000011139400 0000000000000000
0x0000000011e4f140:   0000000011e4f280 0000000015d544a0
0x0000000011e4f150:   0000000000000001 0000000011996dd3
0x0000000011e4f160:   0000000000000001 00000000111255f0
0x0000000011e4f170:   0000000011139590 0000000000000000
0x0000000011e4f180:   000000000fa19fb0 00000000166efa28
0x0000000011e4f190:   0000000000000004 00000000152cd810
0x0000000011e4f1a0:   0000000000000000 0000000000000000
0x0000000011e4f1b0:   0000000000000001 0000000000000102
0x0000000011e4f1c0:   00000000122a308e 0000000000000001
0x0000000011e4f1d0:   0000000011e4f258 00000000122afc24
0x0000000011e4f1e0:   0000000000000000 0000000026847c88
0x0000000011e4f1f0:   0000000000000000 0000000015d544a0
0x0000000011e4f200:   0000000026847bb8 0000000000000000
0x0000000011e4f210:   0000000011e4f200 0000000011e4f218
0x0000000011e4f220:   0000000000000000 0000000011e4f280 

Instructions: (pc=0x0000000011995110)
0x0000000011995100:   e8 5b 72 f9 ff 48 8b 0d 04 9a 08 00 48 8b 04 d8
0x0000000011995110:   48 8b 58 30 e8 67 72 f9 ff 48 8b c3 48 83 c4 20 


Stack: [0x0000000011dd0000,0x0000000011e50000),  sp=0x0000000011e4f130,  free space=508k
Native frames: (J=compiled Java code, j=interpreted, Vv=VM code, C=native code)
C  [awt.dll+0x185110]

Java frames: (J=compiled Java code, j=interpreted, Vv=VM code)
j  sun.awt.Win32GraphicsConfig.getBounds(I)Ljava/awt/Rectangle;+0
j  sun.awt.Win32GraphicsConfig.getBounds()Ljava/awt/Rectangle;+8
j  com.mathworks.mwswing.MJUtilities.getVirtualScreenBounds()Ljava/awt/Rectangle;+72
j  com.mathworks.mlwidgets.tabcompletion.TabCompletionView.computePopupLocation(Ljava/awt/Point;Ljava/awt/Component;II)Ljava/awt/Point;+0
j  com.mathworks.mlwidgets.tabcompletion.TabCompletionView.showPopup([Ljava/lang/String;I)V+249
j  com.mathworks.mlwidgets.tabcompletion.TabCompletionAction$GetStringsObserver$1.run()V+24
J  java.awt.event.InvocationEvent.dispatch()V
J  java.awt.EventDispatchThread.pumpOneEventForFilters(I)Z
J  java.awt.EventDispatchThread.pumpEventsForFilter(ILjava/awt/Conditional;Ljava/awt/EventFilter;)V
j  java.awt.EventDispatchThread.pumpEventsForHierarchy(ILjava/awt/Conditional;Ljava/awt/Component;)V+11
j  java.awt.EventDispatchThread.pumpEvents(ILjava/awt/Conditional;)V+4
j  java.awt.EventDispatchThread.pumpEvents(Ljava/awt/Conditional;)V+3
j  java.awt.EventDispatchThread.run()V+9
v  ~StubRoutines::call_stub

---------------  P R O C E S S  ---------------

Java Threads: ( => current thread )
  0x000000002cb5e800 JavaThread "Thread-45" [_thread_blocked, id=6504]
  0x000000002cb5dc00 JavaThread "Thread-19" [_thread_blocked, id=2424]
  0x000000002cb5d400 JavaThread "Prefs Updater" [_thread_blocked, id=6512]
  0x00000000116b4c00 JavaThread "Thread-12" [_thread_blocked, id=2316]
  0x00000000116b4400 JavaThread "Thread-11" [_thread_blocked, id=4984]
  0x00000000116b3c00 JavaThread "Thread-10" [_thread_blocked, id=6756]
  0x00000000116b3400 JavaThread "Thread-9" [_thread_blocked, id=4888]
  0x00000000116b3000 JavaThread "Thread-8" [_thread_blocked, id=4960]
  0x00000000116b2000 JavaThread "Thread-7" [_thread_blocked, id=2208]
  0x00000000116b1800 JavaThread "Thread-6" [_thread_blocked, id=6436]
  0x00000000116b1000 JavaThread "Thread-5" [_thread_blocked, id=2868]
  0x0000000011438c00 JavaThread "Active Reference Queue Daemon" daemon [_thread_blocked, id=6644]
  0x0000000011438400 JavaThread "Timer-2" daemon [_thread_blocked, id=3192]
  0x0000000011437800 JavaThread "Timer-1" daemon [_thread_blocked, id=7144]
  0x000000001112e000 JavaThread "TimerQueue" daemon [_thread_blocked, id=4872]
=>0x0000000011139400 JavaThread "AWT-EventQueue-0" [_thread_in_native, id=4504]
  0x0000000011095000 JavaThread "AWT-Windows" daemon [_thread_in_native, id=6080]
  0x0000000011094800 JavaThread "AWT-Shutdown" [_thread_blocked, id=2128]
  0x0000000011094000 JavaThread "Java2D Disposer" daemon [_thread_blocked, id=5552]
  0x000000000fa54400 JavaThread "Timer-0" [_thread_blocked, id=6224]
  0x000000000f62b400 JavaThread "Low Memory Detector" daemon [_thread_blocked, id=6328]
  0x000000000f629000 JavaThread "CompilerThread1" daemon [_thread_blocked, id=736]
  0x000000000f623000 JavaThread "CompilerThread0" daemon [_thread_blocked, id=1656]
  0x000000000f621c00 JavaThread "Attach Listener" daemon [_thread_blocked, id=7152]
  0x000000000f621400 JavaThread "Signal Dispatcher" daemon [_thread_blocked, id=4992]
  0x000000000f605000 JavaThread "Finalizer" daemon [_thread_blocked, id=4736]
  0x000000000f5ff400 JavaThread "Reference Handler" daemon [_thread_blocked, id=3300]
  0x0000000004538800 JavaThread "main" [_thread_in_native, id=4840]

Other Threads:
  0x000000000460e800 VMThread [id=6828]
  0x000000000f631000 WatcherThread [id=5624]

VM state:not at safepoint (normal execution)

VM Mutex/Monitor currently owned by a thread: None

Heap
 PSYoungGen      total 8128K, used 4472K [0x00000000265a0000, 0x0000000027050000, 0x00000000296a0000)
  eden space 5440K, 50% used [0x00000000265a0000,0x0000000026853db0,0x0000000026af0000)
  from space 2688K, 63% used [0x0000000026b00000,0x0000000026caa400,0x0000000026da0000)
  to   space 2752K, 0% used [0x0000000026da0000,0x0000000026da0000,0x0000000027050000)
 PSOldGen        total 64000K, used 56038K [0x000000001d2a0000, 0x0000000021120000, 0x00000000265a0000)
  object space 64000K, 87% used [0x000000001d2a0000,0x0000000020959978,0x0000000021120000)
 PSPermGen       total 70912K, used 39424K [0x00000000152a0000, 0x00000000197e0000, 0x000000001d2a0000)
  object space 70912K, 55% used [0x00000000152a0000,0x0000000017920318,0x00000000197e0000)

Dynamic libraries:
0x0000000140000000 - 0x00000001400ed000 	C:\Program Files\MATLAB\R2007b\bin\win64\MATLAB.exe
0x0000000077920000 - 0x0000000077aa6000 	C:\Windows\system32\ntdll.dll
0x0000000077720000 - 0x000000007784d000 	C:\Windows\system32\kernel32.dll
0x0000000180000000 - 0x00000001801fb000 	C:\Program Files\MATLAB\R2007b\bin\win64\libmwservices.dll
0x0000000001870000 - 0x00000000018cf000 	C:\Program Files\MATLAB\R2007b\bin\win64\libmwmathutil.dll
0x00000000018d0000 - 0x000000000193b000 	C:\Program Files\MATLAB\R2007b\bin\win64\libmx.dll
0x0000000001940000 - 0x0000000001d45000 	C:\Program Files\MATLAB\R2007b\bin\win64\libut.dll
0x000007feff4d0000 - 0x000007feff4e7000 	C:\Windows\system32\imagehlp.dll
0x000007fefeeb0000 - 0x000007fefef4c000 	C:\Windows\system32\msvcrt.dll
0x0000000077ac0000 - 0x0000000077ac9000 	C:\Windows\system32\PSAPI.DLL
0x0000000012000000 - 0x0000000012292000 	C:\Program Files\MATLAB\R2007b\bin\win64\xerces-c_2_7.dll
0x000000004a800000 - 0x000000004a920000 	C:\Program Files\MATLAB\R2007b\bin\win64\icuuc36.dll
0x000007feff180000 - 0x000007feff288000 	C:\Windows\system32\ADVAPI32.dll
0x000007feff030000 - 0x000007feff173000 	C:\Windows\system32\RPCRT4.dll
0x0000000010000000 - 0x0000000010003000 	C:\Program Files\MATLAB\R2007b\bin\win64\icudt36.dll
0x00000000759d0000 - 0x0000000075a99000 	C:\Windows\WinSxS\amd64_microsoft.vc80.crt_1fc8b3b9a1e18e3b_8.0.50727.4016_none_88dc01492fb256de\MSVCR80.dll
0x000007feff4f0000 - 0x000007feff534000 	C:\Windows\system32\WS2_32.dll
0x000007fefefe0000 - 0x000007fefefe7000 	C:\Windows\system32\NSI.dll
0x0000000001d90000 - 0x0000000001ea2000 	C:\Program Files\MATLAB\R2007b\bin\win64\icuin36.dll
0x000000004ab00000 - 0x000000004ab11000 	C:\Program Files\MATLAB\R2007b\bin\win64\icuio36.dll
0x0000000075520000 - 0x0000000075629000 	C:\Windows\WinSxS\amd64_microsoft.vc80.crt_1fc8b3b9a1e18e3b_8.0.50727.4016_none_88dc01492fb256de\MSVCP80.dll
0x0000000077850000 - 0x000000007791d000 	C:\Windows\system32\USER32.dll
0x000007feff990000 - 0x000007feff9f4000 	C:\Windows\system32\GDI32.dll
0x0000000001ed0000 - 0x0000000001ee7000 	C:\Program Files\MATLAB\R2007b\bin\win64\zlib1.dll
0x0000000001ef0000 - 0x0000000001f44000 	C:\Program Files\MATLAB\R2007b\bin\win64\mpath.dll
0x000007fefa2d0000 - 0x000007fefa370000 	C:\Windows\WinSxS\amd64_microsoft.windows.common-controls_6595b64144ccf1df_5.82.6001.18000_none_40ba501d3c2b20ff\COMCTL32.dll
0x000007fefef50000 - 0x000007fefefdc000 	C:\Windows\system32\comdlg32.dll
0x000007fefee30000 - 0x000007fefeea3000 	C:\Windows\system32\SHLWAPI.dll
0x000007fefe1d0000 - 0x000007fefee23000 	C:\Windows\system32\SHELL32.dll
0x000007fefd890000 - 0x000007fefd933000 	C:\Windows\system32\NETAPI32.dll
0x0000000001f60000 - 0x0000000001faf000 	C:\Program Files\MATLAB\R2007b\bin\win64\mcr.dll
0x0000000001fc0000 - 0x0000000001fde000 	C:\Program Files\MATLAB\R2007b\bin\win64\bridge.dll
0x0000000001ff0000 - 0x0000000002000000 	C:\Program Files\MATLAB\R2007b\bin\win64\iqm.dll
0x0000000002010000 - 0x0000000002021000 	C:\Program Files\MATLAB\R2007b\bin\win64\libmex.dll
0x0000000002040000 - 0x00000000020c4000 	C:\Program Files\MATLAB\R2007b\bin\win64\m_dispatcher.dll
0x00000000020e0000 - 0x0000000002105000 	C:\Program Files\MATLAB\R2007b\bin\win64\datasvcs.dll
0x0000000002120000 - 0x000000000294e000 	C:\Program Files\MATLAB\R2007b\bin\win64\m_interpreter.dll
0x000007fefb510000 - 0x000007fefb623000 	C:\Windows\system32\dbghelp.dll
0x0000000002960000 - 0x0000000002990000 	C:\Program Files\MATLAB\R2007b\bin\win64\libmat.dll
0x00000000029a0000 - 0x0000000002ab2000 	C:\Program Files\MATLAB\R2007b\bin\win64\libhdf5.dll
0x0000000002ac0000 - 0x0000000002acb000 	C:\Program Files\MATLAB\R2007b\bin\win64\libmwmathrng.dll
0x0000000002ae0000 - 0x0000000002b28000 	C:\Program Files\MATLAB\R2007b\bin\win64\m_ir.dll
0x0000000002b40000 - 0x00000000030f8000 	C:\Program Files\MATLAB\R2007b\bin\win64\m_parser.dll
0x0000000003110000 - 0x0000000003120000 	C:\Program Files\MATLAB\R2007b\bin\win64\ir_xfmr.dll
0x0000000003130000 - 0x00000000032e6000 	C:\Program Files\MATLAB\R2007b\bin\win64\mcos.dll
0x0000000003300000 - 0x000000000330c000 	C:\Program Files\MATLAB\R2007b\bin\win64\mtok.dll
0x0000000003320000 - 0x0000000003340000 	C:\Program Files\MATLAB\R2007b\bin\win64\m_pcodegen.dll
0x0000000003350000 - 0x000000000336b000 	C:\Program Files\MATLAB\R2007b\bin\win64\m_pcodeio.dll
0x0000000003380000 - 0x00000000033ec000 	C:\Program Files\MATLAB\R2007b\bin\win64\profiler.dll
0x0000000003400000 - 0x0000000003412000 	C:\Program Files\MATLAB\R2007b\bin\win64\boost_thread-vc80-mt-1_33_1.dll
0x0000000003430000 - 0x00000000034f0000 	C:\Program Files\MATLAB\R2007b\bin\win64\udd.dll
0x0000000003500000 - 0x000000000356b000 	C:\Program Files\MATLAB\R2007b\bin\win64\comcli.dll
0x0000000003580000 - 0x00000000035d2000 	C:\Program Files\MATLAB\R2007b\bin\win64\jmi.dll
0x000007fefd250000 - 0x000007fefd259000 	C:\Windows\system32\WSOCK32.dll
0x00000000035f0000 - 0x000000000369f000 	C:\Program Files\MATLAB\R2007b\bin\win64\uiw.dll
0x00000000036b0000 - 0x00000000037c6000 	C:\Program Files\MATLAB\R2007b\bin\win64\libmwgui.dll
0x00000000037e0000 - 0x000000000381e000 	C:\Program Files\MATLAB\R2007b\bin\win64\libmwhardcopy.dll
0x0000000003830000 - 0x0000000003881000 	C:\Program Files\MATLAB\R2007b\bin\win64\libuij.dll
0x00000000038a0000 - 0x00000000038aa000 	C:\Program Files\MATLAB\R2007b\bin\win64\uinone.dll
0x0000000075380000 - 0x000000007551b000 	C:\Windows\WinSxS\amd64_microsoft.vc80.mfc_1fc8b3b9a1e18e3b_8.0.50727.762_none_c46a533c8a667ee7\MFC80.DLL
0x000007fef8ab0000 - 0x000007fef8b08000 	C:\Windows\system32\WINSPOOL.DRV
0x000007fefdff0000 - 0x000007fefe1c8000 	C:\Windows\system32\ole32.dll
0x000007feff8b0000 - 0x000007feff983000 	C:\Windows\system32\OLEAUT32.dll
0x0000000075800000 - 0x0000000075820000 	C:\Windows\WinSxS\amd64_microsoft.vc80.atl_1fc8b3b9a1e18e3b_8.0.50727.4053_none_8a1a02152edb659b\ATL80.DLL
0x00000000038c0000 - 0x0000000003ad0000 	C:\Program Files\MATLAB\R2007b\bin\win64\hg.dll
0x0000000003ae0000 - 0x0000000003d59000 	C:\Program Files\MATLAB\R2007b\bin\win64\numerics.dll
0x0000000003d70000 - 0x0000000003d7c000 	C:\Program Files\MATLAB\R2007b\bin\win64\libmwamd.dll
0x0000000003d80000 - 0x0000000003e11000 	C:\Program Files\MATLAB\R2007b\bin\win64\libmwcholmod.dll
0x0000000003e20000 - 0x0000000003e2b000 	C:\Program Files\MATLAB\R2007b\bin\win64\libmwcolamd.dll
0x0000000003e30000 - 0x0000000003e4e000 	C:\Program Files\MATLAB\R2007b\bin\win64\libmwlapack.dll
0x0000000003e60000 - 0x0000000003e70000 	C:\Program Files\MATLAB\R2007b\bin\win64\libmwbinder.dll
0x0000000003e80000 - 0x0000000003e8c000 	C:\Program Files\MATLAB\R2007b\bin\win64\libmwblas.dll
0x0000000003ea0000 - 0x0000000003ea8000 	C:\Program Files\MATLAB\R2007b\bin\win64\libmwcsparse.dll
0x0000000003eb0000 - 0x0000000003edd000 	C:\Program Files\MATLAB\R2007b\bin\win64\libmwma57.dll
0x0000000003ee0000 - 0x0000000003fac000 	C:\Program Files\MATLAB\R2007b\bin\win64\libifcoremd.dll
0x0000000003fb0000 - 0x00000000041ca000 	C:\Program Files\MATLAB\R2007b\bin\win64\libmmd.dll
0x00000000041d0000 - 0x0000000004299000 	C:\Program Files\MATLAB\R2007b\bin\win64\libmwumfpack.dll
0x00000000042a0000 - 0x0000000004346000 	C:\Program Files\MATLAB\R2007b\bin\win64\libfftw3.dll
0x0000000004360000 - 0x0000000004401000 	C:\Program Files\MATLAB\R2007b\bin\win64\libfftw3f.dll
0x0000000004420000 - 0x000000000442e000 	C:\Program Files\MATLAB\R2007b\bin\win64\mlautoregister.dll
0x0000000004440000 - 0x0000000004457000 	C:\Program Files\MATLAB\R2007b\bin\win64\mwoles05.DLL
0x0000000004470000 - 0x00000000044ff000 	C:\Program Files\MATLAB\R2007b\bin\win64\udd_mi.dll
0x000007fefeff0000 - 0x000007feff01d000 	C:\Windows\system32\IMM32.DLL
0x000007feff7a0000 - 0x000007feff8a2000 	C:\Windows\system32\MSCTF.dll
0x000007feff020000 - 0x000007feff02d000 	C:\Windows\system32\LPK.DLL
0x000007feff540000 - 0x000007feff5da000 	C:\Windows\system32\USP10.dll
0x000007fefcbc0000 - 0x000007fefcdb9000 	C:\Windows\WinSxS\amd64_microsoft.windows.common-controls_6595b64144ccf1df_6.0.6002.18005_none_1509f8bef40ee4da\comctl32.dll
0x0000000075830000 - 0x000000007583d000 	C:\Windows\WinSxS\amd64_microsoft.vc80.mfcloc_1fc8b3b9a1e18e3b_8.0.50727.762_none_fc42961a63b5a82b\MFC80ENU.DLL
0x0000000007710000 - 0x0000000007cb7000 	C:\Program Files\MATLAB\R2007b\bin\win64\mllapack.dll
0x0000000007cc0000 - 0x0000000008442000 	C:\Program Files\MATLAB\R2007b\bin\win64\mkl.dll
0x00000000048c0000 - 0x0000000004905000 	C:\Program Files\MATLAB\R2007b\bin\win64\libguide40.dll
0x0000000004910000 - 0x0000000004916000 	C:\Program Files\MATLAB\R2007b\bin\win64\mklcompat.dll
0x000007fefc560000 - 0x000007fefc5b1000 	C:\Windows\system32\uxtheme.dll
0x000007feff5e0000 - 0x000007feff679000 	C:\Windows\system32\CLBCatQ.DLL
0x000007feff2f0000 - 0x000007feff4cc000 	C:\Windows\system32\SETUPAPI.dll
0x000000006ecf0000 - 0x000000006ecf4000 	C:\Windows\system32\icmp.Dll
0x000007fefd4a0000 - 0x000007fefd4c3000 	C:\Windows\system32\iphlpapi.dll
0x000007fefd450000 - 0x000007fefd495000 	C:\Windows\system32\dhcpcsvc.DLL
0x000007fefd7a0000 - 0x000007fefd7da000 	C:\Windows\system32\DNSAPI.dll
0x000007fefdcc0000 - 0x000007fefdcdc000 	C:\Windows\system32\Secur32.dll
0x000007fefd440000 - 0x000007fefd44a000 	C:\Windows\system32\WINNSI.DLL
0x000007fefd410000 - 0x000007fefd43b000 	C:\Windows\system32\dhcpcsvc6.DLL
0x000000000be20000 - 0x000000000c371000 	C:\Program Files\MATLAB\R2007b\sys\java\jre\win64\jre1.6.0\bin\server\jvm.dll
0x000007fefc000000 - 0x000007fefc039000 	C:\Windows\system32\WINMM.dll
0x0000000075970000 - 0x00000000759c2000 	C:\Windows\system32\OLEACC.dll
0x0000000007240000 - 0x00000000072a4000 	C:\Windows\system32\btmmhook.dll
0x00000000072c0000 - 0x00000000072ca000 	C:\Program Files\MATLAB\R2007b\sys\java\jre\win64\jre1.6.0\bin\hpi.dll
0x00000000072e0000 - 0x00000000072ee000 	C:\Program Files\MATLAB\R2007b\sys\java\jre\win64\jre1.6.0\bin\verify.dll
0x00000000073d0000 - 0x00000000073f7000 	C:\Program Files\MATLAB\R2007b\sys\java\jre\win64\jre1.6.0\bin\java.dll
0x0000000008550000 - 0x0000000008562000 	C:\Program Files\MATLAB\R2007b\sys\java\jre\win64\jre1.6.0\bin\zip.dll
0x00000000085c0000 - 0x00000000085d6000 	C:\Program Files\MATLAB\R2007b\bin\win64\nativejava.dll
0x0000000008b00000 - 0x0000000008b16000 	C:\Program Files\MATLAB\R2007b\bin\win64\nativejmi.dll
0x00000000085e0000 - 0x00000000085e7000 	C:\Program Files\MATLAB\R2007b\bin\win64\nativeservices.dll
0x0000000011810000 - 0x0000000011a60000 	C:\Program Files\MATLAB\R2007b\sys\java\jre\win64\jre1.6.0\bin\awt.dll
0x000000000ad30000 - 0x000000000ad99000 	C:\Program Files\MATLAB\R2007b\sys\java\jre\win64\jre1.6.0\bin\fontmanager.dll
0x0000000008b80000 - 0x0000000008b97000 	C:\Program Files\MATLAB\R2007b\sys\java\jre\win64\jre1.6.0\bin\net.dll
0x000007fefd200000 - 0x000007fefd24f000 	C:\Windows\system32\mswsock.dll
0x000007fefd280000 - 0x000007fefd287000 	C:\Windows\System32\wship6.dll
0x000000000ffa0000 - 0x000000000ffab000 	C:\Program Files\MATLAB\R2007b\sys\java\jre\win64\jre1.6.0\bin\nio.dll
0x0000000011fd0000 - 0x0000000011fdd000 	C:\Program Files\MATLAB\R2007b\bin\win64\nativecmdwin.dll
0x0000000011ff0000 - 0x0000000011ff9000 	C:\Program Files\MATLAB\R2007b\bin\win64\nativemlint.dll
0x000000002c8b0000 - 0x000000002c8ff000 	C:\Program Files\MATLAB\R2007b\bin\win64\mlint.dll
0x000000002c990000 - 0x000000002c997000 	C:\Program Files\MATLAB\R2007b\bin\win64\nativelex.dll
0x000007feee440000 - 0x000007feee513000 	C:\Windows\system32\spool\DRIVERS\x64\3\PS5UI.DLL
0x000007fefcdc0000 - 0x000007fefcdcb000 	C:\Windows\system32\VERSION.dll
0x000000002ea60000 - 0x000000002ebd1000 	C:\Program Files\MATLAB\R2007b\bin\win64\libmwbuiltins.dll
0x0000000007330000 - 0x0000000007339000 	C:\Program Files\MATLAB\R2007b\toolbox\matlab\timefun\private\dtstr2dtnummx.mexw64
0x0000000007350000 - 0x0000000007359000 	C:\Program Files\MATLAB\R2007b\toolbox\matlab\timefun\private\dtstr2dtvecmx.mexw64

VM Arguments:
jvm_args: -Xss512k -XX:PermSize=32M -Xms64m -XX:NewRatio=3 -XX:MaxPermSize=128M -Xmx196m -XX:MaxDirectMemorySize=2147400000 -Dsun.java2d.noddraw=true -Dsun.awt.nopixfmt=true -Xshare:off -Djava.library.path=C:\Program Files\MATLAB\R2007b\bin\win64 vfprintf abort
java_command: <unknown>
Launcher Type: generic

Environment Variables:
PATH=C:\Perl64\site\bin;C:\Perl64\bin;C:\Windows\system32;C:\Windows;C:\Windows\System32\Wbem;C:\Program Files\Intel\DMIX;C:\Program Files (x86)\NTRU Cryptosystems\NTRU TCG Software Stack\bin\;C:\Program Files\NTRU Cryptosystems\NTRU TCG Software Stack\bin\;C:\Program Files\Wave Systems Corp\Gemalto\Access Client\v5\;c:\Program Files (x86)\Common Files\Roxio Shared\DLLShared\;c:\Program Files (x86)\Common Files\Roxio Shared\10.0\DLLShared\;C:\Program Files\MATLAB\R2007b\bin;C:\Program Files\MATLAB\R2007b\bin\win64
USERNAME=bgc
OS=Windows_NT
PROCESSOR_IDENTIFIER=Intel64 Family 6 Model 23 Stepping 10, GenuineIntel



---------------  S Y S T E M  ---------------

OS: Windows Vista Build 6002 Service Pack 2

CPU:total 2 em64t ht

Memory: 4k page, physical 8338424k(5143144k free), swap 16731160k(13067440k free)

vm_info: Java HotSpot(TM) 64-Bit Server VM (1.6.0-b105) for windows-amd64, built on Nov 29 2006 00:38:01 by "java_re" with unknown MS VC++:1400

