#
# An unexpected error has been detected by Java Runtime Environment:
#
#  EXCEPTION_ACCESS_VIOLATION (0xc0000005) at pc=0x0000000011ed5110, pid=740, tid=6508
#
# Java VM: Java HotSpot(TM) 64-Bit Server VM (1.6.0-b105 mixed mode)
# Problematic frame:
# C  [awt.dll+0x185110]
#
# If you would like to submit a bug report, please visit:
#   http://java.sun.com/webapps/bugreport/crash.jsp
#

---------------  T H R E A D  ---------------

Current thread (0x000000001160ac00):  JavaThread "AWT-EventQueue-0" [_thread_in_native, id=6508]

siginfo: ExceptionCode=0xc0000005, reading address 0xffffffffffffffff

Registers:
EAX=0x800001cb2e1d694f, EBX=0x0000000000000001, ECX=0x000000001129f990, EDX=0x000000001114d8a0
ESP=0x000000002fe1e790, EBP=0x00000000115f2aa0, ESI=0x000000001160ad90, EDI=0x0000000000000000
EIP=0x0000000011ed5110, EFLAGS=0x0000000000010202

Top of Stack: (sp=0x000000002fe1e790)
0x000000002fe1e790:   000000001160ac00 0000000000000000
0x000000002fe1e7a0:   000000002fe1e8e0 0000000015d552f0
0x000000002fe1e7b0:   0000000000000001 0000000011ed6dd3
0x000000002fe1e7c0:   0000000000000001 00000000115f2aa0
0x000000002fe1e7d0:   000000001160ad90 0000000000000000
0x000000002fe1e7e0:   000000001114d8a0 00000000166f08b0
0x000000002fe1e7f0:   0000000000000004 00000000152cd810
0x000000002fe1e800:   0000000000000000 0000000000000000
0x000000002fe1e810:   0000000000000001 0000000000000102
0x000000002fe1e820:   00000000122a308e 0000000000000001
0x000000002fe1e830:   000000002fe1e8b8 00000000122afc24
0x000000002fe1e840:   0000000000000000 0000000026c2c770
0x000000002fe1e850:   0000000000000000 0000000015d552f0
0x000000002fe1e860:   0000000026c2c6c0 0000000000000000
0x000000002fe1e870:   000000002fe1e860 000000002fe1e878
0x000000002fe1e880:   0000000000000000 000000002fe1e8e0 

Instructions: (pc=0x0000000011ed5110)
0x0000000011ed5100:   e8 5b 72 f9 ff 48 8b 0d 04 9a 08 00 48 8b 04 d8
0x0000000011ed5110:   48 8b 58 30 e8 67 72 f9 ff 48 8b c3 48 83 c4 20 


Stack: [0x000000002fda0000,0x000000002fe20000),  sp=0x000000002fe1e790,  free space=505k
Native frames: (J=compiled Java code, j=interpreted, Vv=VM code, C=native code)
C  [awt.dll+0x185110]

Java frames: (J=compiled Java code, j=interpreted, Vv=VM code)
j  sun.awt.Win32GraphicsConfig.getBounds(I)Ljava/awt/Rectangle;+0
j  sun.awt.Win32GraphicsConfig.getBounds()Ljava/awt/Rectangle;+8
j  com.mathworks.mwswing.MJUtilities.getVirtualScreenBounds()Ljava/awt/Rectangle;+72
j  com.mathworks.widgets.tokenmatch.TokenMatchPopup.outOfScreenBounds(Ljava/awt/Rectangle;ZZ)Z+0
j  com.mathworks.widgets.tokenmatch.TokenMatchPopup.startTimerAndShowPopupIfNecessary(Ljavax/swing/text/JTextComponent;[IZILcom/mathworks/widgets/tokenmatch/TokenMatchPopup$TokenMatchListener;Lcom/mathworks/widgets/tokenmatch/TokenMatchPopup$Language;)V+380
j  com.mathworks.widgets.text.MWCaret$DelimiterMatchingImpl.startTimerAndShowPopupIfNecessary(Ljavax/swing/text/JTextComponent;[IZILcom/mathworks/widgets/tokenmatch/TokenMatchPopup$TokenMatchListener;Lcom/mathworks/widgets/tokenmatch/TokenMatchPopup$Language;)V+12
j  com.mathworks.widgets.text.MWCaret.doTokenMatchPopup([IZI)V+59
j  com.mathworks.widgets.text.MWCaret.drawNewMarks(ZZ[II)V+76
j  com.mathworks.widgets.text.MWCaret.updateMatchBrace(ZI)V+348
j  com.mathworks.widgets.text.MWCaret.updateMatchBrace(Z)V+6
j  com.mathworks.widgets.text.MWCaret.mousePressed(Ljava/awt/event/MouseEvent;)V+79
j  com.mathworks.mwswing.datatransfer.MWMouseDragGestureRecognizer.mousePressed(Ljava/awt/event/MouseEvent;)V+43
j  java.awt.AWTEventMulticaster.mousePressed(Ljava/awt/event/MouseEvent;)V+21
j  java.awt.AWTEventMulticaster.mousePressed(Ljava/awt/event/MouseEvent;)V+8
j  java.awt.Component.processMouseEvent(Ljava/awt/event/MouseEvent;)V+54
j  javax.swing.JComponent.processMouseEvent(Ljava/awt/event/MouseEvent;)V+23
j  java.awt.Component.processEvent(Ljava/awt/AWTEvent;)V+81
j  java.awt.Container.processEvent(Ljava/awt/AWTEvent;)V+18
j  java.awt.Component.dispatchEventImpl(Ljava/awt/AWTEvent;)V+562
J  java.awt.Container.dispatchEventImpl(Ljava/awt/AWTEvent;)V
J  java.awt.LightweightDispatcher.retargetMouseEvent(Ljava/awt/Component;ILjava/awt/event/MouseEvent;)V
J  java.awt.Container.dispatchEventImpl(Ljava/awt/AWTEvent;)V
j  java.awt.Window.dispatchEventImpl(Ljava/awt/AWTEvent;)V+19
J  java.awt.EventDispatchThread.pumpOneEventForFilters(I)Z
J  java.awt.EventDispatchThread.pumpEventsForFilter(ILjava/awt/Conditional;Ljava/awt/EventFilter;)V
j  java.awt.EventDispatchThread.pumpEventsForHierarchy(ILjava/awt/Conditional;Ljava/awt/Component;)V+11
j  java.awt.EventDispatchThread.pumpEvents(ILjava/awt/Conditional;)V+4
j  java.awt.EventDispatchThread.pumpEvents(Ljava/awt/Conditional;)V+3
j  java.awt.EventDispatchThread.run()V+9
v  ~StubRoutines::call_stub

---------------  P R O C E S S  ---------------

Java Threads: ( => current thread )
  0x0000000011ac1400 JavaThread "Thread-33" [_thread_blocked, id=1084]
  0x0000000011ac0c00 JavaThread "Prefs Updater" [_thread_blocked, id=8084]
  0x0000000011abfc00 JavaThread "Thread-9" [_thread_blocked, id=4412]
  0x0000000011abf800 JavaThread "Thread-8" [_thread_blocked, id=7468]
  0x0000000011abf000 JavaThread "Thread-7" [_thread_blocked, id=2508]
  0x0000000011abe800 JavaThread "Thread-6" [_thread_blocked, id=9104]
  0x0000000011abe000 JavaThread "Thread-5" [_thread_blocked, id=7832]
  0x0000000011abd800 JavaThread "Active Reference Queue Daemon" daemon [_thread_blocked, id=5152]
  0x0000000011abd400 JavaThread "Timer-2" daemon [_thread_blocked, id=8312]
  0x0000000011abcc00 JavaThread "Timer-1" daemon [_thread_blocked, id=1460]
  0x0000000011355c00 JavaThread "TimerQueue" daemon [_thread_blocked, id=8176]
=>0x000000001160ac00 JavaThread "AWT-EventQueue-0" [_thread_in_native, id=6508]
  0x0000000011587800 JavaThread "AWT-Windows" daemon [_thread_in_native, id=8732]
  0x0000000011587000 JavaThread "AWT-Shutdown" [_thread_blocked, id=7824]
  0x0000000011586800 JavaThread "Java2D Disposer" daemon [_thread_blocked, id=3604]
  0x0000000011040c00 JavaThread "Timer-0" [_thread_blocked, id=7332]
  0x000000000fe11800 JavaThread "Low Memory Detector" daemon [_thread_blocked, id=9116]
  0x000000000fe0b400 JavaThread "CompilerThread1" daemon [_thread_blocked, id=6572]
  0x000000000fe07400 JavaThread "CompilerThread0" daemon [_thread_blocked, id=6476]
  0x000000000fe04800 JavaThread "Attach Listener" daemon [_thread_blocked, id=6292]
  0x000000000fe03000 JavaThread "Signal Dispatcher" daemon [_thread_blocked, id=8960]
  0x000000000fdeb400 JavaThread "Finalizer" daemon [_thread_blocked, id=4704]
  0x000000000fde5000 JavaThread "Reference Handler" daemon [_thread_blocked, id=6444]
  0x0000000003f8f400 JavaThread "main" [_thread_in_native, id=7176]

Other Threads:
  0x000000000fde1400 VMThread [id=6680]
  0x000000000fe17000 WatcherThread [id=3852]

VM state:not at safepoint (normal execution)

VM Mutex/Monitor currently owned by a thread: None

Heap
 PSYoungGen      total 13568K, used 9866K [0x00000000265a0000, 0x0000000027940000, 0x00000000296a0000)
  eden space 7552K, 90% used [0x00000000265a0000,0x0000000026c4c1d8,0x0000000026d00000)
  from space 6016K, 50% used [0x0000000027360000,0x0000000027656658,0x0000000027940000)
  to   space 6272K, 0% used [0x0000000026d00000,0x0000000026d00000,0x0000000027320000)
 PSOldGen        total 68480K, used 51333K [0x000000001d2a0000, 0x0000000021580000, 0x00000000265a0000)
  object space 68480K, 74% used [0x000000001d2a0000,0x00000000204c1788,0x0000000021580000)
 PSPermGen       total 68288K, used 39096K [0x00000000152a0000, 0x0000000019550000, 0x000000001d2a0000)
  object space 68288K, 57% used [0x00000000152a0000,0x00000000178ce268,0x0000000019550000)

Dynamic libraries:
0x0000000140000000 - 0x00000001400ed000 	C:\Program Files\MATLAB\R2007b\bin\win64\MATLAB.exe
0x0000000076d20000 - 0x0000000076ec9000 	C:\Windows\SYSTEM32\ntdll.dll
0x0000000076c00000 - 0x0000000076d1f000 	C:\Windows\system32\kernel32.dll
0x000007fefcdc0000 - 0x000007fefce2c000 	C:\Windows\system32\KERNELBASE.dll
0x0000000180000000 - 0x00000001801fb000 	C:\Program Files\MATLAB\R2007b\bin\win64\libmwservices.dll
0x00000000010d0000 - 0x000000000112f000 	C:\Program Files\MATLAB\R2007b\bin\win64\libmwmathutil.dll
0x0000000001260000 - 0x00000000012cb000 	C:\Program Files\MATLAB\R2007b\bin\win64\libmx.dll
0x00000000012d0000 - 0x00000000016d5000 	C:\Program Files\MATLAB\R2007b\bin\win64\libut.dll
0x000007fefdb50000 - 0x000007fefdb69000 	C:\Windows\system32\imagehlp.dll
0x000007fefd810000 - 0x000007fefd8af000 	C:\Windows\system32\msvcrt.dll
0x000007fefd310000 - 0x000007fefd3eb000 	C:\Windows\system32\ADVAPI32.dll
0x000007fefd7f0000 - 0x000007fefd80f000 	C:\Windows\SYSTEM32\sechost.dll
0x000007fefeef0000 - 0x000007feff01d000 	C:\Windows\system32\RPCRT4.dll
0x0000000076ef0000 - 0x0000000076ef7000 	C:\Windows\system32\PSAPI.DLL
0x0000000012000000 - 0x0000000012292000 	C:\Program Files\MATLAB\R2007b\bin\win64\xerces-c_2_7.dll
0x000000004a800000 - 0x000000004a920000 	C:\Program Files\MATLAB\R2007b\bin\win64\icuuc36.dll
0x0000000010000000 - 0x0000000010003000 	C:\Program Files\MATLAB\R2007b\bin\win64\icudt36.dll
0x0000000072990000 - 0x0000000072a59000 	C:\Windows\WinSxS\amd64_microsoft.vc80.crt_1fc8b3b9a1e18e3b_8.0.50727.6195_none_88e41e092fab0294\MSVCR80.dll
0x000007fefd0e0000 - 0x000007fefd12d000 	C:\Windows\system32\WS2_32.dll
0x000007fefd4a0000 - 0x000007fefd4a8000 	C:\Windows\system32\NSI.dll
0x0000000001710000 - 0x0000000001822000 	C:\Program Files\MATLAB\R2007b\bin\win64\icuin36.dll
0x000000004ab00000 - 0x000000004ab11000 	C:\Program Files\MATLAB\R2007b\bin\win64\icuio36.dll
0x0000000071510000 - 0x0000000071619000 	C:\Windows\WinSxS\amd64_microsoft.vc80.crt_1fc8b3b9a1e18e3b_8.0.50727.6195_none_88e41e092fab0294\MSVCP80.dll
0x0000000076b00000 - 0x0000000076bfa000 	C:\Windows\system32\USER32.dll
0x000007fefee80000 - 0x000007fefeee7000 	C:\Windows\system32\GDI32.dll
0x000007feff020000 - 0x000007feff02e000 	C:\Windows\system32\LPK.dll
0x000007fefea90000 - 0x000007fefeb59000 	C:\Windows\system32\USP10.dll
0x0000000001850000 - 0x0000000001867000 	C:\Program Files\MATLAB\R2007b\bin\win64\zlib1.dll
0x0000000001870000 - 0x00000000018c4000 	C:\Program Files\MATLAB\R2007b\bin\win64\mpath.dll
0x000007fef94c0000 - 0x000007fef9560000 	C:\Windows\WinSxS\amd64_microsoft.windows.common-controls_6595b64144ccf1df_5.82.7601.17514_none_a4d6a923711520a9\COMCTL32.dll
0x000007fefd040000 - 0x000007fefd0d7000 	C:\Windows\system32\comdlg32.dll
0x000007fefd420000 - 0x000007fefd491000 	C:\Windows\system32\SHLWAPI.dll
0x000007fefdb70000 - 0x000007fefe8f8000 	C:\Windows\system32\SHELL32.dll
0x000007fefc110000 - 0x000007fefc126000 	C:\Windows\system32\NETAPI32.dll
0x000007fefc5a0000 - 0x000007fefc5ac000 	C:\Windows\system32\netutils.dll
0x000007fefc710000 - 0x000007fefc733000 	C:\Windows\system32\srvcli.dll
0x000007fefc0f0000 - 0x000007fefc105000 	C:\Windows\system32\wkscli.dll
0x00000000018e0000 - 0x000000000192f000 	C:\Program Files\MATLAB\R2007b\bin\win64\mcr.dll
0x0000000001940000 - 0x000000000195e000 	C:\Program Files\MATLAB\R2007b\bin\win64\bridge.dll
0x0000000001970000 - 0x0000000001980000 	C:\Program Files\MATLAB\R2007b\bin\win64\iqm.dll
0x0000000001990000 - 0x00000000019a1000 	C:\Program Files\MATLAB\R2007b\bin\win64\libmex.dll
0x00000000019c0000 - 0x0000000001a44000 	C:\Program Files\MATLAB\R2007b\bin\win64\m_dispatcher.dll
0x0000000001a60000 - 0x0000000001a85000 	C:\Program Files\MATLAB\R2007b\bin\win64\datasvcs.dll
0x0000000001aa0000 - 0x00000000022ce000 	C:\Program Files\MATLAB\R2007b\bin\win64\m_interpreter.dll
0x000007fef7fe0000 - 0x000007fef8105000 	C:\Windows\system32\dbghelp.dll
0x00000000022e0000 - 0x0000000002310000 	C:\Program Files\MATLAB\R2007b\bin\win64\libmat.dll
0x0000000002320000 - 0x0000000002432000 	C:\Program Files\MATLAB\R2007b\bin\win64\libhdf5.dll
0x0000000002440000 - 0x000000000244b000 	C:\Program Files\MATLAB\R2007b\bin\win64\libmwmathrng.dll
0x0000000002460000 - 0x00000000024a8000 	C:\Program Files\MATLAB\R2007b\bin\win64\m_ir.dll
0x00000000024c0000 - 0x0000000002a78000 	C:\Program Files\MATLAB\R2007b\bin\win64\m_parser.dll
0x0000000002a90000 - 0x0000000002aa0000 	C:\Program Files\MATLAB\R2007b\bin\win64\ir_xfmr.dll
0x0000000002ab0000 - 0x0000000002c66000 	C:\Program Files\MATLAB\R2007b\bin\win64\mcos.dll
0x0000000002c80000 - 0x0000000002c8c000 	C:\Program Files\MATLAB\R2007b\bin\win64\mtok.dll
0x0000000002ca0000 - 0x0000000002cc0000 	C:\Program Files\MATLAB\R2007b\bin\win64\m_pcodegen.dll
0x0000000002cd0000 - 0x0000000002ceb000 	C:\Program Files\MATLAB\R2007b\bin\win64\m_pcodeio.dll
0x0000000002d00000 - 0x0000000002d6c000 	C:\Program Files\MATLAB\R2007b\bin\win64\profiler.dll
0x0000000002d80000 - 0x0000000002d92000 	C:\Program Files\MATLAB\R2007b\bin\win64\boost_thread-vc80-mt-1_33_1.dll
0x0000000002db0000 - 0x0000000002e70000 	C:\Program Files\MATLAB\R2007b\bin\win64\udd.dll
0x0000000002e80000 - 0x0000000002eeb000 	C:\Program Files\MATLAB\R2007b\bin\win64\comcli.dll
0x0000000002f00000 - 0x0000000002f52000 	C:\Program Files\MATLAB\R2007b\bin\win64\jmi.dll
0x000007fefc630000 - 0x000007fefc639000 	C:\Windows\system32\WSOCK32.dll
0x0000000002f70000 - 0x000000000301f000 	C:\Program Files\MATLAB\R2007b\bin\win64\uiw.dll
0x0000000003030000 - 0x0000000003146000 	C:\Program Files\MATLAB\R2007b\bin\win64\libmwgui.dll
0x0000000003160000 - 0x000000000319e000 	C:\Program Files\MATLAB\R2007b\bin\win64\libmwhardcopy.dll
0x00000000031b0000 - 0x0000000003201000 	C:\Program Files\MATLAB\R2007b\bin\win64\libuij.dll
0x0000000003220000 - 0x000000000322a000 	C:\Program Files\MATLAB\R2007b\bin\win64\uinone.dll
0x0000000071da0000 - 0x0000000071f3c000 	C:\Windows\WinSxS\amd64_microsoft.vc80.mfc_1fc8b3b9a1e18e3b_8.0.50727.6195_none_8448b2bd328df189\MFC80.DLL
0x000007fefa860000 - 0x000007fefa8d1000 	C:\Windows\system32\WINSPOOL.DRV
0x000007fefec70000 - 0x000007fefee73000 	C:\Windows\system32\ole32.dll
0x000007fefd710000 - 0x000007fefd7e7000 	C:\Windows\system32\OLEAUT32.dll
0x00000000747c0000 - 0x00000000747e0000 	C:\Windows\WinSxS\amd64_microsoft.vc80.atl_1fc8b3b9a1e18e3b_8.0.50727.6195_none_8a1dd9552ed7f8d8\ATL80.DLL
0x0000000003240000 - 0x0000000003450000 	C:\Program Files\MATLAB\R2007b\bin\win64\hg.dll
0x0000000003460000 - 0x00000000036d9000 	C:\Program Files\MATLAB\R2007b\bin\win64\numerics.dll
0x00000000036f0000 - 0x00000000036fc000 	C:\Program Files\MATLAB\R2007b\bin\win64\libmwamd.dll
0x0000000003700000 - 0x0000000003791000 	C:\Program Files\MATLAB\R2007b\bin\win64\libmwcholmod.dll
0x00000000037a0000 - 0x00000000037ab000 	C:\Program Files\MATLAB\R2007b\bin\win64\libmwcolamd.dll
0x00000000037b0000 - 0x00000000037ce000 	C:\Program Files\MATLAB\R2007b\bin\win64\libmwlapack.dll
0x00000000037e0000 - 0x00000000037f0000 	C:\Program Files\MATLAB\R2007b\bin\win64\libmwbinder.dll
0x0000000003800000 - 0x000000000380c000 	C:\Program Files\MATLAB\R2007b\bin\win64\libmwblas.dll
0x0000000003820000 - 0x0000000003828000 	C:\Program Files\MATLAB\R2007b\bin\win64\libmwcsparse.dll
0x0000000003830000 - 0x000000000385d000 	C:\Program Files\MATLAB\R2007b\bin\win64\libmwma57.dll
0x0000000003860000 - 0x000000000392c000 	C:\Program Files\MATLAB\R2007b\bin\win64\libifcoremd.dll
0x0000000003930000 - 0x0000000003b4a000 	C:\Program Files\MATLAB\R2007b\bin\win64\libmmd.dll
0x0000000003b50000 - 0x0000000003c19000 	C:\Program Files\MATLAB\R2007b\bin\win64\libmwumfpack.dll
0x0000000003c20000 - 0x0000000003cc6000 	C:\Program Files\MATLAB\R2007b\bin\win64\libfftw3.dll
0x0000000003ce0000 - 0x0000000003d81000 	C:\Program Files\MATLAB\R2007b\bin\win64\libfftw3f.dll
0x0000000003da0000 - 0x0000000003dae000 	C:\Program Files\MATLAB\R2007b\bin\win64\mlautoregister.dll
0x0000000003dc0000 - 0x0000000003dd7000 	C:\Program Files\MATLAB\R2007b\bin\win64\mwoles05.DLL
0x0000000003df0000 - 0x0000000003e7f000 	C:\Program Files\MATLAB\R2007b\bin\win64\udd_mi.dll
0x000007fefd3f0000 - 0x000007fefd41e000 	C:\Windows\system32\IMM32.DLL
0x000007fefeb60000 - 0x000007fefec69000 	C:\Windows\system32\MSCTF.dll
0x0000000072350000 - 0x000000007235d000 	C:\Windows\WinSxS\amd64_microsoft.vc80.mfcloc_1fc8b3b9a1e18e3b_8.0.50727.6195_none_bc20f59b0bdd1acd\MFC80ENU.DLL
0x00000000075a0000 - 0x0000000007b47000 	C:\Program Files\MATLAB\R2007b\bin\win64\mllapack.dll
0x0000000007b50000 - 0x00000000082d2000 	C:\Program Files\MATLAB\R2007b\bin\win64\mkl.dll
0x0000000003f10000 - 0x0000000003f55000 	C:\Program Files\MATLAB\R2007b\bin\win64\libguide40.dll
0x0000000003f60000 - 0x0000000003f66000 	C:\Program Files\MATLAB\R2007b\bin\win64\mklcompat.dll
0x000007fefb3e0000 - 0x000007fefb436000 	C:\Windows\system32\uxtheme.dll
0x000007fefcc70000 - 0x000007fefcc7f000 	C:\Windows\system32\profapi.dll
0x000007fefcb00000 - 0x000007fefcb0f000 	C:\Windows\system32\CRYPTBASE.dll
0x000007fefb5a0000 - 0x000007fefb794000 	C:\Windows\WinSxS\amd64_microsoft.windows.common-controls_6595b64144ccf1df_6.0.7601.17514_none_fa396087175ac9ac\comctl32.dll
0x000007fefd130000 - 0x000007fefd307000 	C:\Windows\system32\SETUPAPI.dll
0x000007fefd000000 - 0x000007fefd036000 	C:\Windows\system32\CFGMGR32.dll
0x000007fefcfe0000 - 0x000007fefcffa000 	C:\Windows\system32\DEVOBJ.dll
0x000007fefdab0000 - 0x000007fefdb49000 	C:\Windows\system32\CLBCatQ.DLL
0x000007fefb2b0000 - 0x000007fefb3dc000 	C:\Windows\system32\propsys.dll
0x000007fefbd10000 - 0x000007fefbd3d000 	C:\Windows\system32\ntmarta.dll
0x000007fefea30000 - 0x000007fefea82000 	C:\Windows\system32\WLDAP32.dll
0x0000000071d90000 - 0x0000000071d93000 	C:\Windows\system32\icmp.Dll
0x000007fef9f20000 - 0x000007fef9f47000 	C:\Windows\system32\iphlpapi.DLL
0x000007fef9f10000 - 0x000007fef9f1b000 	C:\Windows\system32\WINNSI.DLL
0x0000000006ec0000 - 0x0000000006f25000 	C:\Program Files\WIDCOMM\Bluetooth Software\btmmhook.dll
0x000000000e630000 - 0x000000000eb81000 	C:\Program Files\MATLAB\R2007b\sys\java\jre\win64\jre1.6.0\bin\server\jvm.dll
0x000007fefb1e0000 - 0x000007fefb21b000 	C:\Windows\system32\WINMM.dll
0x0000000006b30000 - 0x0000000006b3a000 	C:\Program Files\MATLAB\R2007b\sys\java\jre\win64\jre1.6.0\bin\hpi.dll
0x0000000006f30000 - 0x0000000006f3e000 	C:\Program Files\MATLAB\R2007b\sys\java\jre\win64\jre1.6.0\bin\verify.dll
0x0000000006f40000 - 0x0000000006f67000 	C:\Program Files\MATLAB\R2007b\sys\java\jre\win64\jre1.6.0\bin\java.dll
0x0000000006f90000 - 0x0000000006fa2000 	C:\Program Files\MATLAB\R2007b\sys\java\jre\win64\jre1.6.0\bin\zip.dll
0x0000000006fb0000 - 0x0000000006fc6000 	C:\Program Files\MATLAB\R2007b\bin\win64\nativejava.dll
0x0000000008430000 - 0x0000000008446000 	C:\Program Files\MATLAB\R2007b\bin\win64\nativejmi.dll
0x000000000caa0000 - 0x000000000caa7000 	C:\Program Files\MATLAB\R2007b\bin\win64\nativeservices.dll
0x0000000011d50000 - 0x0000000011fa0000 	C:\Program Files\MATLAB\R2007b\sys\java\jre\win64\jre1.6.0\bin\awt.dll
0x000007fefae50000 - 0x000007fefae68000 	C:\Windows\system32\dwmapi.dll
0x000000002f9c0000 - 0x000000002fa29000 	C:\Program Files\MATLAB\R2007b\sys\java\jre\win64\jre1.6.0\bin\fontmanager.dll
0x000000000cac0000 - 0x000000000cad7000 	C:\Program Files\MATLAB\R2007b\sys\java\jre\win64\jre1.6.0\bin\net.dll
0x000007fefc440000 - 0x000007fefc495000 	C:\Windows\system32\mswsock.dll
0x000007fefc640000 - 0x000007fefc647000 	C:\Windows\System32\wship6.dll
0x0000000011fa0000 - 0x0000000011fab000 	C:\Program Files\MATLAB\R2007b\sys\java\jre\win64\jre1.6.0\bin\nio.dll
0x0000000030020000 - 0x000000003002d000 	C:\Program Files\MATLAB\R2007b\bin\win64\nativecmdwin.dll

VM Arguments:
jvm_args: -Xss512k -XX:PermSize=32M -Xms64m -XX:NewRatio=3 -XX:MaxPermSize=128M -Xmx196m -XX:MaxDirectMemorySize=2147400000 -Dsun.java2d.noddraw=true -Dsun.awt.nopixfmt=true -Xshare:off -Djava.library.path=C:\Program Files\MATLAB\R2007b\bin\win64 vfprintf abort
java_command: <unknown>
Launcher Type: generic

Environment Variables:
CLASSPATH=.;C:\Program Files (x86)\QuickTime\QTSystem\QTJava.zip
PATH=C:\Program Files\Legato\nsr\bin;C:\Windows\system32;C:\Windows;C:\Windows\System32\Wbem;C:\Windows\System32\WindowsPowerShell\v1.0\;C:\Program Files (x86)\Common Files\Roxio Shared\DLLShared\;C:\Program Files (x86)\Common Files\Roxio Shared\10.0\DLLShared\;C:\Program Files\Intel\WiFi\bin\;C:\Program Files\Common Files\Intel\WirelessCommon\;C:\Program Files\WIDCOMM\Bluetooth Software\;C:\Program Files\WIDCOMM\Bluetooth Software\syswow64;C:\Program Files (x86)\WinMerge;C:\Program Files\MATLAB\R2007b\bin;C:\Program Files\MATLAB\R2007b\bin\win64;C:\Program Files (x86)\QuickTime\QTSystem\
USERNAME=bgc
OS=Windows_NT
PROCESSOR_IDENTIFIER=Intel64 Family 6 Model 42 Stepping 7, GenuineIntel



---------------  S Y S T E M  ---------------

OS: Windows NT 6.1 Build 7601 Service Pack 1

CPU:total 4 em64t ht

Memory: 4k page, physical 8266684k(6403512k free), swap 18835860k(16230760k free)

vm_info: Java HotSpot(TM) 64-Bit Server VM (1.6.0-b105) for windows-amd64, built on Nov 29 2006 00:38:01 by "java_re" with unknown MS VC++:1400

