#
# An unexpected error has been detected by Java Runtime Environment:
#
#  EXCEPTION_ACCESS_VIOLATION (0xc0000005) at pc=0x000000000f625110, pid=4024, tid=10840
#
# Java VM: Java HotSpot(TM) 64-Bit Server VM (1.6.0-b105 mixed mode)
# Problematic frame:
# C  [awt.dll+0x185110]
#
# If you would like to submit a bug report, please visit:
#   http://java.sun.com/webapps/bugreport/crash.jsp
#

---------------  T H R E A D  ---------------

Current thread (0x000000000ff4a400):  JavaThread "AWT-EventQueue-0" [_thread_in_native, id=10840]

siginfo: ExceptionCode=0xc0000005, reading address 0xffffffffffffffff

Registers:
EAX=0x8000001f7d00a607, EBX=0x0000000000000001, ECX=0x000000003073e9e0, EDX=0x00000000113160b0
ESP=0x000000000fc4f1b0, EBP=0x000000000ff296b0, ESI=0x000000000ff4a590, EDI=0x0000000000000000
EIP=0x000000000f625110, EFLAGS=0x0000000000010206

Top of Stack: (sp=0x000000000fc4f1b0)
0x000000000fc4f1b0:   000000000ff4a400 0000000000000000
0x000000000fc4f1c0:   000000000fc4f300 0000000015d53a50
0x000000000fc4f1d0:   0000000000000001 000000000f626dd3
0x000000000fc4f1e0:   0000000000000001 000000000ff296b0
0x000000000fc4f1f0:   000000000ff4a590 0000000000000000
0x000000000fc4f200:   00000000113160b0 00000000166ec8c0
0x000000000fc4f210:   0000000000000004 00000000152cd810
0x000000000fc4f220:   0000000000000000 0000000000000000
0x000000000fc4f230:   0000000000000001 0000000000000102
0x000000000fc4f240:   00000000122a308e 0000000000000001
0x000000000fc4f250:   000000000fc4f2d8 00000000122afc24
0x000000000fc4f260:   0000000000000000 0000000027301d10
0x000000000fc4f270:   0000000000000000 0000000015d53a50
0x000000000fc4f280:   000000000fc4f2f8 0000000000000000
0x000000000fc4f290:   000000000fc4f280 000000000fc4f298
0x000000000fc4f2a0:   0000000000000000 000000000fc4f300 

Instructions: (pc=0x000000000f625110)
0x000000000f625100:   e8 5b 72 f9 ff 48 8b 0d 04 9a 08 00 48 8b 04 d8
0x000000000f625110:   48 8b 58 30 e8 67 72 f9 ff 48 8b c3 48 83 c4 20 


Stack: [0x000000000fbd0000,0x000000000fc50000),  sp=0x000000000fc4f1b0,  free space=508k
Native frames: (J=compiled Java code, j=interpreted, Vv=VM code, C=native code)
C  [awt.dll+0x185110]

Java frames: (J=compiled Java code, j=interpreted, Vv=VM code)
j  sun.awt.Win32GraphicsConfig.getBounds(I)Ljava/awt/Rectangle;+0
j  sun.awt.Win32GraphicsConfig.getBounds()Ljava/awt/Rectangle;+8
j  com.mathworks.mwswing.MJUtilities.getVirtualScreenBounds()Ljava/awt/Rectangle;+72
j  com.mathworks.mlwidgets.tabcompletion.TabCompletionView.computePopupLocation(Ljava/awt/Point;Ljava/awt/Component;II)Ljava/awt/Point;+0
j  com.mathworks.mlwidgets.tabcompletion.TabCompletionView.showPopup([Ljava/lang/String;I)V+249
j  com.mathworks.mlwidgets.tabcompletion.TabCompletionAction$GetStringsObserver$1.run()V+24
j  java.awt.event.InvocationEvent.dispatch()V+47
j  java.awt.EventQueue.dispatchEvent(Ljava/awt/AWTEvent;)V+26
j  java.awt.EventDispatchThread.pumpOneEventForFilters(I)Z+156
J  java.awt.EventDispatchThread.pumpEventsForFilter(ILjava/awt/Conditional;Ljava/awt/EventFilter;)V
j  java.awt.EventDispatchThread.pumpEventsForHierarchy(ILjava/awt/Conditional;Ljava/awt/Component;)V+11
j  java.awt.EventDispatchThread.pumpEvents(ILjava/awt/Conditional;)V+4
j  java.awt.EventDispatchThread.pumpEvents(Ljava/awt/Conditional;)V+3
j  java.awt.EventDispatchThread.run()V+9
v  ~StubRoutines::call_stub

---------------  P R O C E S S  ---------------

Java Threads: ( => current thread )
  0x000000000ef19c00 JavaThread "Thread-27" [_thread_blocked, id=12312]
  0x000000000ef1a800 JavaThread "Prefs Updater" [_thread_blocked, id=9400]
  0x000000000ef19400 JavaThread "Thread-18" [_thread_blocked, id=10228]
  0x000000000ef18c00 JavaThread "Thread-17" [_thread_blocked, id=13228]
  0x000000000ef18400 JavaThread "Thread-16" [_thread_blocked, id=9316]
  0x000000000ef18000 JavaThread "Thread-15" [_thread_blocked, id=11108]
  0x000000000ef17800 JavaThread "Thread-14" [_thread_blocked, id=15900]
  0x000000000ef17000 JavaThread "Thread-13" [_thread_blocked, id=5476]
  0x000000000ef16800 JavaThread "Thread-12" [_thread_blocked, id=7424]
  0x000000000ef16000 JavaThread "Thread-11" [_thread_blocked, id=15248]
  0x000000000ef15c00 JavaThread "Thread-10" [_thread_blocked, id=16536]
  0x000000000ef15400 JavaThread "Thread-9" [_thread_blocked, id=16924]
  0x000000000ef14c00 JavaThread "Thread-8" [_thread_blocked, id=13868]
  0x000000000ef14400 JavaThread "Thread-7" [_thread_blocked, id=12612]
  0x000000000ef14000 JavaThread "Thread-6" [_thread_blocked, id=16900]
  0x000000000ef13800 JavaThread "Thread-5" [_thread_blocked, id=5504]
  0x000000000ef13000 JavaThread "Active Reference Queue Daemon" daemon [_thread_blocked, id=13564]
  0x000000000f1ce400 JavaThread "Timer-2" daemon [_thread_blocked, id=6736]
  0x000000000f069400 JavaThread "Timer-1" daemon [_thread_blocked, id=15832]
  0x000000000f0dec00 JavaThread "TimerQueue" daemon [_thread_blocked, id=7964]
=>0x000000000ff4a400 JavaThread "AWT-EventQueue-0" [_thread_in_native, id=10840]
  0x000000000ed10800 JavaThread "AWT-Windows" daemon [_thread_in_native, id=16976]
  0x000000000ed1c400 JavaThread "AWT-Shutdown" [_thread_blocked, id=9168]
  0x000000000ed1c000 JavaThread "Java2D Disposer" daemon [_thread_blocked, id=13704]
  0x000000000ff36400 JavaThread "Timer-0" [_thread_blocked, id=14920]
  0x000000000fecb800 JavaThread "Low Memory Detector" daemon [_thread_blocked, id=15568]
  0x000000000febd800 JavaThread "CompilerThread1" daemon [_thread_blocked, id=13348]
  0x000000000feb9800 JavaThread "CompilerThread0" daemon [_thread_blocked, id=3252]
  0x000000000feb6c00 JavaThread "Attach Listener" daemon [_thread_blocked, id=11600]
  0x000000000feb5400 JavaThread "Signal Dispatcher" daemon [_thread_blocked, id=15560]
  0x000000000fe96400 JavaThread "Finalizer" daemon [_thread_blocked, id=17080]
  0x000000000fe95800 JavaThread "Reference Handler" daemon [_thread_blocked, id=16592]
  0x0000000003f5f800 JavaThread "main" [_thread_in_native, id=8340]

Other Threads:
  0x000000000fe91c00 VMThread [id=9164]
  0x000000000fecd000 WatcherThread [id=13416]

VM state:not at safepoint (normal execution)

VM Mutex/Monitor currently owned by a thread: None

Heap
 PSYoungGen      total 32704K, used 14875K [0x00000000265a0000, 0x0000000029620000, 0x00000000296a0000)
  eden space 16256K, 85% used [0x00000000265a0000,0x00000000273290e8,0x0000000027580000)
  from space 16448K, 6% used [0x0000000028610000,0x000000002870dd28,0x0000000029620000)
  to   space 16704K, 0% used [0x0000000027580000,0x0000000027580000,0x00000000285d0000)
 PSOldGen        total 92032K, used 53301K [0x000000001d2a0000, 0x0000000022c80000, 0x00000000265a0000)
  object space 92032K, 57% used [0x000000001d2a0000,0x00000000206ad4f8,0x0000000022c80000)
 PSPermGen       total 53440K, used 36595K [0x00000000152a0000, 0x00000000186d0000, 0x000000001d2a0000)
  object space 53440K, 68% used [0x00000000152a0000,0x000000001765ce28,0x00000000186d0000)

Dynamic libraries:
0x0000000140000000 - 0x00000001400ed000 	C:\Program Files\MATLAB\R2007b\bin\win64\MATLAB.exe
0x0000000077ac0000 - 0x0000000077c69000 	C:\Windows\SYSTEM32\ntdll.dll
0x00000000778a0000 - 0x00000000779bf000 	C:\Windows\system32\kernel32.dll
0x000007fefdbe0000 - 0x000007fefdc4b000 	C:\Windows\system32\KERNELBASE.dll
0x0000000180000000 - 0x00000001801fb000 	C:\Program Files\MATLAB\R2007b\bin\win64\libmwservices.dll
0x00000000010d0000 - 0x000000000112f000 	C:\Program Files\MATLAB\R2007b\bin\win64\libmwmathutil.dll
0x0000000001140000 - 0x00000000011ab000 	C:\Program Files\MATLAB\R2007b\bin\win64\libmx.dll
0x00000000012d0000 - 0x00000000016d5000 	C:\Program Files\MATLAB\R2007b\bin\win64\libut.dll
0x000007feff490000 - 0x000007feff4a9000 	C:\Windows\system32\imagehlp.dll
0x000007feffaa0000 - 0x000007feffb3f000 	C:\Windows\system32\msvcrt.dll
0x000007fefdfc0000 - 0x000007fefe09b000 	C:\Windows\system32\ADVAPI32.dll
0x000007feff6e0000 - 0x000007feff6ff000 	C:\Windows\SYSTEM32\sechost.dll
0x000007feff970000 - 0x000007feffa9d000 	C:\Windows\system32\RPCRT4.dll
0x0000000077c80000 - 0x0000000077c87000 	C:\Windows\system32\PSAPI.DLL
0x0000000012000000 - 0x0000000012292000 	C:\Program Files\MATLAB\R2007b\bin\win64\xerces-c_2_7.dll
0x000000004a800000 - 0x000000004a920000 	C:\Program Files\MATLAB\R2007b\bin\win64\icuuc36.dll
0x0000000010000000 - 0x0000000010003000 	C:\Program Files\MATLAB\R2007b\bin\win64\icudt36.dll
0x0000000073620000 - 0x00000000736e9000 	C:\Windows\WinSxS\amd64_microsoft.vc80.crt_1fc8b3b9a1e18e3b_8.0.50727.6195_none_88e41e092fab0294\MSVCR80.dll
0x000007feff3d0000 - 0x000007feff41d000 	C:\Windows\system32\WS2_32.dll
0x000007feff4b0000 - 0x000007feff4b8000 	C:\Windows\system32\NSI.dll
0x0000000001710000 - 0x0000000001822000 	C:\Program Files\MATLAB\R2007b\bin\win64\icuin36.dll
0x000000004ab00000 - 0x000000004ab11000 	C:\Program Files\MATLAB\R2007b\bin\win64\icuio36.dll
0x00000000724a0000 - 0x00000000725a9000 	C:\Windows\WinSxS\amd64_microsoft.vc80.crt_1fc8b3b9a1e18e3b_8.0.50727.6195_none_88e41e092fab0294\MSVCP80.dll
0x00000000779c0000 - 0x0000000077aba000 	C:\Windows\system32\USER32.dll
0x000007feff420000 - 0x000007feff487000 	C:\Windows\system32\GDI32.dll
0x000007feff780000 - 0x000007feff78e000 	C:\Windows\system32\LPK.dll
0x000007feff4c0000 - 0x000007feff589000 	C:\Windows\system32\USP10.dll
0x0000000001850000 - 0x0000000001867000 	C:\Program Files\MATLAB\R2007b\bin\win64\zlib1.dll
0x0000000001870000 - 0x00000000018c4000 	C:\Program Files\MATLAB\R2007b\bin\win64\mpath.dll
0x000007fefa130000 - 0x000007fefa1d0000 	C:\Windows\WinSxS\amd64_microsoft.windows.common-controls_6595b64144ccf1df_5.82.7601.17514_none_a4d6a923711520a9\COMCTL32.dll
0x000007feffd30000 - 0x000007feffdc7000 	C:\Windows\system32\comdlg32.dll
0x000007feff700000 - 0x000007feff771000 	C:\Windows\system32\SHLWAPI.dll
0x000007fefe640000 - 0x000007feff3c8000 	C:\Windows\system32\SHELL32.dll
0x000007fefcee0000 - 0x000007fefcef6000 	C:\Windows\system32\NETAPI32.dll
0x000007fefced0000 - 0x000007fefcedc000 	C:\Windows\system32\netutils.dll
0x000007fefd640000 - 0x000007fefd663000 	C:\Windows\system32\srvcli.dll
0x000007fefceb0000 - 0x000007fefcec5000 	C:\Windows\system32\wkscli.dll
0x00000000018e0000 - 0x000000000192f000 	C:\Program Files\MATLAB\R2007b\bin\win64\mcr.dll
0x0000000001940000 - 0x000000000195e000 	C:\Program Files\MATLAB\R2007b\bin\win64\bridge.dll
0x0000000001970000 - 0x0000000001980000 	C:\Program Files\MATLAB\R2007b\bin\win64\iqm.dll
0x0000000001990000 - 0x00000000019a1000 	C:\Program Files\MATLAB\R2007b\bin\win64\libmex.dll
0x00000000019c0000 - 0x0000000001a44000 	C:\Program Files\MATLAB\R2007b\bin\win64\m_dispatcher.dll
0x0000000001a60000 - 0x0000000001a85000 	C:\Program Files\MATLAB\R2007b\bin\win64\datasvcs.dll
0x0000000001aa0000 - 0x00000000022ce000 	C:\Program Files\MATLAB\R2007b\bin\win64\m_interpreter.dll
0x000007fef8bc0000 - 0x000007fef8ce5000 	C:\Windows\system32\dbghelp.dll
0x00000000022e0000 - 0x0000000002310000 	C:\Program Files\MATLAB\R2007b\bin\win64\libmat.dll
0x0000000002320000 - 0x0000000002432000 	C:\Program Files\MATLAB\R2007b\bin\win64\libhdf5.dll
0x0000000002440000 - 0x000000000244b000 	C:\Program Files\MATLAB\R2007b\bin\win64\libmwmathrng.dll
0x0000000002460000 - 0x00000000024a8000 	C:\Program Files\MATLAB\R2007b\bin\win64\m_ir.dll
0x00000000024c0000 - 0x0000000002a78000 	C:\Program Files\MATLAB\R2007b\bin\win64\m_parser.dll
0x0000000002a90000 - 0x0000000002aa0000 	C:\Program Files\MATLAB\R2007b\bin\win64\ir_xfmr.dll
0x0000000002ab0000 - 0x0000000002c66000 	C:\Program Files\MATLAB\R2007b\bin\win64\mcos.dll
0x0000000002c80000 - 0x0000000002c8c000 	C:\Program Files\MATLAB\R2007b\bin\win64\mtok.dll
0x0000000002ca0000 - 0x0000000002cc0000 	C:\Program Files\MATLAB\R2007b\bin\win64\m_pcodegen.dll
0x0000000002cd0000 - 0x0000000002ceb000 	C:\Program Files\MATLAB\R2007b\bin\win64\m_pcodeio.dll
0x0000000002d00000 - 0x0000000002d6c000 	C:\Program Files\MATLAB\R2007b\bin\win64\profiler.dll
0x0000000002d80000 - 0x0000000002d92000 	C:\Program Files\MATLAB\R2007b\bin\win64\boost_thread-vc80-mt-1_33_1.dll
0x0000000002db0000 - 0x0000000002e70000 	C:\Program Files\MATLAB\R2007b\bin\win64\udd.dll
0x0000000002e80000 - 0x0000000002eeb000 	C:\Program Files\MATLAB\R2007b\bin\win64\comcli.dll
0x0000000002f00000 - 0x0000000002f52000 	C:\Program Files\MATLAB\R2007b\bin\win64\jmi.dll
0x000007fefcf00000 - 0x000007fefcf09000 	C:\Windows\system32\WSOCK32.dll
0x0000000002f70000 - 0x000000000301f000 	C:\Program Files\MATLAB\R2007b\bin\win64\uiw.dll
0x0000000003030000 - 0x0000000003146000 	C:\Program Files\MATLAB\R2007b\bin\win64\libmwgui.dll
0x0000000003160000 - 0x000000000319e000 	C:\Program Files\MATLAB\R2007b\bin\win64\libmwhardcopy.dll
0x00000000031b0000 - 0x0000000003201000 	C:\Program Files\MATLAB\R2007b\bin\win64\libuij.dll
0x0000000003220000 - 0x000000000322a000 	C:\Program Files\MATLAB\R2007b\bin\win64\uinone.dll
0x0000000072c70000 - 0x0000000072e0c000 	C:\Windows\WinSxS\amd64_microsoft.vc80.mfc_1fc8b3b9a1e18e3b_8.0.50727.6195_none_8448b2bd328df189\MFC80.DLL
0x000007fefb7f0000 - 0x000007fefb861000 	C:\Windows\system32\WINSPOOL.DRV
0x000007fefe430000 - 0x000007fefe633000 	C:\Windows\system32\ole32.dll
0x000007feffb40000 - 0x000007feffc17000 	C:\Windows\system32\OLEAUT32.dll
0x0000000070d10000 - 0x0000000070d30000 	C:\Windows\WinSxS\amd64_microsoft.vc80.atl_1fc8b3b9a1e18e3b_8.0.50727.6195_none_8a1dd9552ed7f8d8\ATL80.DLL
0x0000000003240000 - 0x0000000003450000 	C:\Program Files\MATLAB\R2007b\bin\win64\hg.dll
0x0000000003460000 - 0x00000000036d9000 	C:\Program Files\MATLAB\R2007b\bin\win64\numerics.dll
0x00000000036f0000 - 0x00000000036fc000 	C:\Program Files\MATLAB\R2007b\bin\win64\libmwamd.dll
0x0000000003700000 - 0x0000000003791000 	C:\Program Files\MATLAB\R2007b\bin\win64\libmwcholmod.dll
0x00000000037a0000 - 0x00000000037ab000 	C:\Program Files\MATLAB\R2007b\bin\win64\libmwcolamd.dll
0x00000000037b0000 - 0x00000000037ce000 	C:\Program Files\MATLAB\R2007b\bin\win64\libmwlapack.dll
0x00000000037e0000 - 0x00000000037f0000 	C:\Program Files\MATLAB\R2007b\bin\win64\libmwbinder.dll
0x0000000003800000 - 0x000000000380c000 	C:\Program Files\MATLAB\R2007b\bin\win64\libmwblas.dll
0x0000000003820000 - 0x0000000003828000 	C:\Program Files\MATLAB\R2007b\bin\win64\libmwcsparse.dll
0x0000000003830000 - 0x000000000385d000 	C:\Program Files\MATLAB\R2007b\bin\win64\libmwma57.dll
0x0000000003860000 - 0x000000000392c000 	C:\Program Files\MATLAB\R2007b\bin\win64\libifcoremd.dll
0x0000000003930000 - 0x0000000003b4a000 	C:\Program Files\MATLAB\R2007b\bin\win64\libmmd.dll
0x0000000003b50000 - 0x0000000003c19000 	C:\Program Files\MATLAB\R2007b\bin\win64\libmwumfpack.dll
0x0000000003c20000 - 0x0000000003cc6000 	C:\Program Files\MATLAB\R2007b\bin\win64\libfftw3.dll
0x0000000003ce0000 - 0x0000000003d81000 	C:\Program Files\MATLAB\R2007b\bin\win64\libfftw3f.dll
0x0000000003da0000 - 0x0000000003dae000 	C:\Program Files\MATLAB\R2007b\bin\win64\mlautoregister.dll
0x0000000003dc0000 - 0x0000000003dd7000 	C:\Program Files\MATLAB\R2007b\bin\win64\mwoles05.DLL
0x0000000003df0000 - 0x0000000003e7f000 	C:\Program Files\MATLAB\R2007b\bin\win64\udd_mi.dll
0x000007feff610000 - 0x000007feff63e000 	C:\Windows\system32\IMM32.DLL
0x000007feffc20000 - 0x000007feffd29000 	C:\Windows\system32\MSCTF.dll
0x0000000072b70000 - 0x0000000072b7d000 	C:\Windows\WinSxS\amd64_microsoft.vc80.mfcloc_1fc8b3b9a1e18e3b_8.0.50727.6195_none_bc20f59b0bdd1acd\MFC80ENU.DLL
0x0000000007820000 - 0x0000000007dc7000 	C:\Program Files\MATLAB\R2007b\bin\win64\mllapack.dll
0x0000000007dd0000 - 0x0000000008552000 	C:\Program Files\MATLAB\R2007b\bin\win64\mkl.dll
0x0000000003f00000 - 0x0000000003f45000 	C:\Program Files\MATLAB\R2007b\bin\win64\libguide40.dll
0x0000000004160000 - 0x0000000004166000 	C:\Program Files\MATLAB\R2007b\bin\win64\mklcompat.dll
0x000007fefc2e0000 - 0x000007fefc336000 	C:\Windows\system32\uxtheme.dll
0x000007fefda10000 - 0x000007fefda1f000 	C:\Windows\system32\profapi.dll
0x000007fefd940000 - 0x000007fefd94f000 	C:\Windows\system32\CRYPTBASE.dll
0x000007fefc340000 - 0x000007fefc534000 	C:\Windows\WinSxS\amd64_microsoft.windows.common-controls_6595b64144ccf1df_6.0.7601.17514_none_fa396087175ac9ac\comctl32.dll
0x000007fefdde0000 - 0x000007fefdfb7000 	C:\Windows\system32\SETUPAPI.dll
0x000007fefdac0000 - 0x000007fefdaf6000 	C:\Windows\system32\CFGMGR32.dll
0x000007fefddc0000 - 0x000007fefddda000 	C:\Windows\system32\DEVOBJ.dll
0x000007feff640000 - 0x000007feff6d9000 	C:\Windows\system32\CLBCatQ.DLL
0x000007fefbd70000 - 0x000007fefbe9c000 	C:\Windows\system32\propsys.dll
0x000007fefcb50000 - 0x000007fefcb7d000 	C:\Windows\system32\ntmarta.dll
0x000007feff790000 - 0x000007feff7e2000 	C:\Windows\system32\WLDAP32.dll
0x0000000073120000 - 0x0000000073123000 	C:\Windows\system32\icmp.Dll
0x000007fefb140000 - 0x000007fefb167000 	C:\Windows\system32\iphlpapi.DLL
0x000007fefb130000 - 0x000007fefb13b000 	C:\Windows\system32\WINNSI.DLL
0x00000000043f0000 - 0x0000000004455000 	C:\Program Files\WIDCOMM\Bluetooth Software\btmmhook.dll
0x000000000e600000 - 0x000000000eb51000 	C:\Program Files\MATLAB\R2007b\sys\java\jre\win64\jre1.6.0\bin\server\jvm.dll
0x000007fefba30000 - 0x000007fefba6b000 	C:\Windows\system32\WINMM.dll
0x0000000004460000 - 0x000000000446a000 	C:\Program Files\MATLAB\R2007b\sys\java\jre\win64\jre1.6.0\bin\hpi.dll
0x0000000004480000 - 0x000000000448e000 	C:\Program Files\MATLAB\R2007b\sys\java\jre\win64\jre1.6.0\bin\verify.dll
0x0000000004490000 - 0x00000000044b7000 	C:\Program Files\MATLAB\R2007b\sys\java\jre\win64\jre1.6.0\bin\java.dll
0x0000000006c80000 - 0x0000000006c92000 	C:\Program Files\MATLAB\R2007b\sys\java\jre\win64\jre1.6.0\bin\zip.dll
0x0000000006ca0000 - 0x0000000006cb6000 	C:\Program Files\MATLAB\R2007b\bin\win64\nativejava.dll
0x0000000007090000 - 0x00000000070a6000 	C:\Program Files\MATLAB\R2007b\bin\win64\nativejmi.dll
0x0000000007210000 - 0x0000000007217000 	C:\Program Files\MATLAB\R2007b\bin\win64\nativeservices.dll
0x000000000f4a0000 - 0x000000000f6f0000 	C:\Program Files\MATLAB\R2007b\sys\java\jre\win64\jre1.6.0\bin\awt.dll
0x000007fefbf50000 - 0x000007fefbf68000 	C:\Windows\system32\dwmapi.dll
0x000000000f870000 - 0x000000000f8d9000 	C:\Program Files\MATLAB\R2007b\sys\java\jre\win64\jre1.6.0\bin\fontmanager.dll
0x0000000008660000 - 0x0000000008677000 	C:\Program Files\MATLAB\R2007b\sys\java\jre\win64\jre1.6.0\bin\net.dll
0x000007fefd280000 - 0x000007fefd2d5000 	C:\Windows\system32\mswsock.dll
0x000007fefd270000 - 0x000007fefd277000 	C:\Windows\System32\wship6.dll
0x0000000008690000 - 0x000000000869b000 	C:\Program Files\MATLAB\R2007b\sys\java\jre\win64\jre1.6.0\bin\nio.dll
0x000000000fcd0000 - 0x000000000fcdd000 	C:\Program Files\MATLAB\R2007b\bin\win64\nativecmdwin.dll

VM Arguments:
jvm_args: -Xss512k -XX:PermSize=32M -Xms64m -XX:NewRatio=3 -XX:MaxPermSize=128M -Xmx196m -XX:MaxDirectMemorySize=2147400000 -Dsun.java2d.noddraw=true -Dsun.awt.nopixfmt=true -Xshare:off -Djava.library.path=C:\Program Files\MATLAB\R2007b\bin\win64 vfprintf abort
java_command: <unknown>
Launcher Type: generic

Environment Variables:
CLASSPATH=.;C:\Program Files (x86)\QuickTime\QTSystem\QTJava.zip
PATH=C:\Program Files\Legato\nsr\bin;C:\Windows\system32;C:\Windows;C:\Windows\System32\Wbem;C:\Windows\System32\WindowsPowerShell\v1.0\;C:\Program Files (x86)\Common Files\Roxio Shared\DLLShared\;C:\Program Files (x86)\Common Files\Roxio Shared\10.0\DLLShared\;C:\Program Files\Intel\WiFi\bin\;C:\Program Files\Common Files\Intel\WirelessCommon\;C:\Program Files\WIDCOMM\Bluetooth Software\;C:\Program Files\WIDCOMM\Bluetooth Software\syswow64;C:\Program Files (x86)\WinMerge;C:\Program Files (x86)\MATLAB\R2007b\bin;C:\Program Files (x86)\MATLAB\R2007b\bin\win32;C:\Program Files\MATLAB\R2007b\bin;C:\Program Files\MATLAB\R2007b\bin\win64;C:\Program Files (x86)\QuickTime\QTSystem\
USERNAME=bgc
OS=Windows_NT
PROCESSOR_IDENTIFIER=Intel64 Family 6 Model 42 Stepping 7, GenuineIntel



---------------  S Y S T E M  ---------------

OS: Windows NT 6.1 Build 7601 Service Pack 1

CPU:total 4 em64t ht

Memory: 4k page, physical 8266684k(6403140k free), swap 16531508k(13936668k free)

vm_info: Java HotSpot(TM) 64-Bit Server VM (1.6.0-b105) for windows-amd64, built on Nov 29 2006 00:38:01 by "java_re" with unknown MS VC++:1400

