#
# An unexpected error has been detected by Java Runtime Environment:
#
#  EXCEPTION_ACCESS_VIOLATION (0xc0000005) at pc=0x000000000fcb5110, pid=6964, tid=6780
#
# Java VM: Java HotSpot(TM) 64-Bit Server VM (1.6.0-b105 mixed mode)
# Problematic frame:
# C  0x000000000fcb5110
#
# If you would like to submit a bug report, please visit:
#   http://java.sun.com/webapps/bugreport/crash.jsp
#

---------------  T H R E A D  ---------------

Current thread (0x000000000f30fc00):  JavaThread "AWT-EventQueue-0" [_thread_in_native, id=6780]

siginfo: ExceptionCode=0xc0000005, reading address 0xffffffffffffffff

Registers:
EAX=0x8000005e1995cdd3, EBX=0x0000000000000001, ECX=0x000000002e9e12c0, EDX=0x0000000004142070
ESP=0x0000000011bcec50, EBP=0x00000000041403b0, ESI=0x000000000f30fd90, EDI=0x0000000000000000
EIP=0x000000000fcb5110, EFLAGS=0x0000000000010202

Top of Stack: (sp=0x0000000011bcec50)
0x0000000011bcec50:   000000000f30fc00 0000000000000000
0x0000000011bcec60:   0000000011bced98 0000000015d475e8
0x0000000011bcec70:   0000000000000001 000000000fcb6dd3
0x0000000011bcec80:   0000000000000001 00000000041403b0
0x0000000011bcec90:   000000000f30fd90 0000000000000000
0x0000000011bceca0:   0000000000000004 00000000152cd810
0x0000000011bcecb0:   ffffffffffffffff 000000000f30fc00
0x0000000011bcecc0:   0000000000000000 0000000000000000
0x0000000011bcecd0:   0000000011bced68 0000000000000102
0x0000000011bcece0:   00000000122a308e 0000000000000001
0x0000000011bcecf0:   0000000011bced70 00000000122afc24
0x0000000011bced00:   0000000026e12ab0 0000000000000000
0x0000000011bced10:   0000000026e129e0 0000000015d475e8
0x0000000011bced20:   0000000000000000 0000000011bced18
0x0000000011bced30:   0000000011bced30 0000000000000000
0x0000000011bced40:   0000000011bced98 0000000015d48890 

Instructions: (pc=0x000000000fcb5110)
0x000000000fcb5100:   e8 5b 72 f9 ff 48 8b 0d 04 9a 08 00 48 8b 04 d8
0x000000000fcb5110:   48 8b 58 30 e8 67 72 f9 ff 48 8b c3 48 83 c4 20 


Stack: [0x0000000011b50000,0x0000000011bd0000),  sp=0x0000000011bcec50,  free space=507k
Native frames: (J=compiled Java code, j=interpreted, Vv=VM code, C=native code)
C  0x000000000fcb5110

Java frames: (J=compiled Java code, j=interpreted, Vv=VM code)
j  sun.awt.Win32GraphicsConfig.getBounds(I)Ljava/awt/Rectangle;+0
j  sun.awt.Win32GraphicsConfig.getBounds()Ljava/awt/Rectangle;+8
j  com.mathworks.mwswing.MJUtilities.getVirtualScreenBounds()Ljava/awt/Rectangle;+72
j  com.mathworks.mwswing.WindowUtils.computeTextPopupBounds(Ljava/awt/Dimension;Ljava/awt/Dimension;Ljava/awt/Point;ILcom/mathworks/mwswing/WindowUtils$TextPopupLocation;)Ljava/awt/Rectangle;+0
j  com.mathworks.widgets.text.MWPopupManager.install(Ljavax/swing/JComponent;Ljava/awt/Rectangle;Lorg/netbeans/editor/PopupManager$Placement;Lorg/netbeans/editor/PopupManager$HorizontalBounds;II)V+68
j  org.netbeans.editor.ext.ToolTipSupport.ensureVisibility()V+224
j  org.netbeans.editor.ext.ToolTipSupport.setToolTip(Ljavax/swing/JComponent;Lorg/netbeans/editor/PopupManager$HorizontalBounds;Lorg/netbeans/editor/PopupManager$Placement;II)V+42
j  org.netbeans.editor.ext.ToolTipSupport.setToolTip(Ljavax/swing/JComponent;Lorg/netbeans/editor/PopupManager$HorizontalBounds;Lorg/netbeans/editor/PopupManager$Placement;)V+10
j  org.netbeans.editor.ext.ToolTipSupport.setToolTip(Ljavax/swing/JComponent;)V+8
j  org.netbeans.editor.ext.ToolTipSupport$3.run()V+71
j  org.netbeans.editor.Utilities.runInEventDispatchThread(Ljava/lang/Runnable;)V+7
j  org.netbeans.editor.ext.ToolTipSupport.setToolTipText(Ljava/lang/String;)V+19
j  com.mathworks.widgets.text.MWToolTipSupport.setToolTipTextAndFont(Ljava/lang/String;Ljava/awt/Font;)V+7
j  com.mathworks.mde.editor.EditorMKit$MBuildToolTipAction$1.matlabEvent(Lcom/mathworks/jmi/MatlabEvent;)V+102
j  com.mathworks.jmi.MatlabMCR$AWTReplyEvent.dispatch()V+27
j  com.mathworks.util.QueueEvent$QueueTarget.processEvent(Ljava/awt/AWTEvent;)V+13
j  java.awt.Component.dispatchEventImpl(Ljava/awt/AWTEvent;)V+562
J  java.awt.EventDispatchThread.pumpOneEventForFilters(I)Z
J  java.awt.EventDispatchThread.pumpEventsForFilter(ILjava/awt/Conditional;Ljava/awt/EventFilter;)V
j  java.awt.EventDispatchThread.pumpEventsForHierarchy(ILjava/awt/Conditional;Ljava/awt/Component;)V+11
j  java.awt.EventDispatchThread.pumpEvents(ILjava/awt/Conditional;)V+4
j  java.awt.EventDispatchThread.pumpEvents(Ljava/awt/Conditional;)V+3
j  java.awt.EventDispatchThread.run()V+9
v  ~StubRoutines::call_stub

---------------  P R O C E S S  ---------------

Java Threads: ( => current thread )
  0x000000001124cc00 JavaThread "Inactive RequestProcessor thread [Was:TimedSoftReference/org.openide.util.TimedSoftReference]" daemon [_thread_blocked, id=6244]
  0x000000001124c400 JavaThread "Thread-25" [_thread_blocked, id=5244]
  0x000000001124bc00 JavaThread "Thread-23" [_thread_blocked, id=3068]
  0x0000000011248c00 JavaThread "Thread-20" [_thread_blocked, id=6848]
  0x0000000011249400 JavaThread "Active Reference Queue Daemon" daemon [_thread_blocked, id=6812]
  0x000000001124b000 JavaThread "Timer-3" daemon [_thread_blocked, id=6040]
  0x000000001124b800 JavaThread "Prefs Updater" [_thread_blocked, id=3484]
  0x0000000011249800 JavaThread "Timer queue for AWT thread" daemon [_thread_blocked, id=1632]
  0x0000000011535c00 JavaThread "Timer-1" daemon [_thread_blocked, id=5592]
  0x000000000f8ed400 JavaThread "TimerQueue" daemon [_thread_blocked, id=1544]
=>0x000000000f30fc00 JavaThread "AWT-EventQueue-0" [_thread_in_native, id=6780]
  0x000000000f30ec00 JavaThread "AWT-Shutdown" [_thread_blocked, id=6948]
  0x000000000f67a800 JavaThread "AWT-Windows" daemon [_thread_in_native, id=6304]
  0x000000000f677c00 JavaThread "Java2D Disposer" daemon [_thread_blocked, id=3772]
  0x000000000f2ff000 JavaThread "Timer-0" [_thread_blocked, id=3868]
  0x000000000f2aa000 JavaThread "Low Memory Detector" daemon [_thread_blocked, id=4876]
  0x000000000f2a7800 JavaThread "CompilerThread1" daemon [_thread_blocked, id=4880]
  0x000000000f2a1800 JavaThread "CompilerThread0" daemon [_thread_blocked, id=3364]
  0x000000000f2a0000 JavaThread "Attach Listener" daemon [_thread_blocked, id=176]
  0x000000000f29f800 JavaThread "Signal Dispatcher" daemon [_thread_blocked, id=1868]
  0x000000000f282400 JavaThread "Finalizer" daemon [_thread_blocked, id=4644]
  0x000000000f281800 JavaThread "Reference Handler" daemon [_thread_blocked, id=7004]
  0x00000000040b9000 JavaThread "main" [_thread_in_native, id=6968]

Other Threads:
  0x000000000f27d800 VMThread [id=7000]
  0x000000000f2af800 WatcherThread [id=4920]

VM state:not at safepoint (normal execution)

VM Mutex/Monitor currently owned by a thread: None

Heap
 PSYoungGen      total 15680K, used 12451K [0x00000000265a0000, 0x0000000027be0000, 0x00000000296a0000)
  eden space 9088K, 96% used [0x00000000265a0000,0x0000000026e2f9e8,0x0000000026e80000)
  from space 6592K, 55% used [0x0000000027570000,0x0000000027909500,0x0000000027be0000)
  to   space 6848K, 0% used [0x0000000026e80000,0x0000000026e80000,0x0000000027530000)
 PSOldGen        total 84992K, used 69347K [0x000000001d2a0000, 0x00000000225a0000, 0x00000000265a0000)
  object space 84992K, 81% used [0x000000001d2a0000,0x0000000021658e50,0x00000000225a0000)
 PSPermGen       total 87616K, used 42631K [0x00000000152a0000, 0x000000001a830000, 0x000000001d2a0000)
  object space 87616K, 48% used [0x00000000152a0000,0x0000000017c41e78,0x000000001a830000)

Dynamic libraries:
0x0000000140000000 - 0x00000001400ed000 	C:\Program Files\MATLAB\R2007b\bin\win64\MATLAB.exe
0x0000000077620000 - 0x00000000777c9000 	C:\Windows\SYSTEM32\ntdll.dll
0x00000000773b0000 - 0x00000000774cf000 	C:\Windows\system32\kernel32.dll
0x000007fefdb30000 - 0x000007fefdb9c000 	C:\Windows\system32\KERNELBASE.dll
0x0000000180000000 - 0x00000001801fb000 	C:\Program Files\MATLAB\R2007b\bin\win64\libmwservices.dll
0x00000000011e0000 - 0x000000000123f000 	C:\Program Files\MATLAB\R2007b\bin\win64\libmwmathutil.dll
0x0000000001250000 - 0x00000000012bb000 	C:\Program Files\MATLAB\R2007b\bin\win64\libmx.dll
0x00000000012d0000 - 0x00000000016d5000 	C:\Program Files\MATLAB\R2007b\bin\win64\libut.dll
0x000007feff610000 - 0x000007feff627000 	C:\Windows\system32\imagehlp.dll
0x000007fefe030000 - 0x000007fefe0cf000 	C:\Windows\system32\msvcrt.dll
0x00000000777e0000 - 0x00000000777e7000 	C:\Windows\system32\PSAPI.DLL
0x0000000012000000 - 0x0000000012292000 	C:\Program Files\MATLAB\R2007b\bin\win64\xerces-c_2_7.dll
0x000000004a800000 - 0x000000004a920000 	C:\Program Files\MATLAB\R2007b\bin\win64\icuuc36.dll
0x000007fefe7a0000 - 0x000007fefe87b000 	C:\Windows\system32\ADVAPI32.dll
0x000007feff630000 - 0x000007feff64f000 	C:\Windows\SYSTEM32\sechost.dll
0x000007fefdf00000 - 0x000007fefe02d000 	C:\Windows\system32\RPCRT4.dll
0x0000000010000000 - 0x0000000010003000 	C:\Program Files\MATLAB\R2007b\bin\win64\icudt36.dll
0x0000000074d30000 - 0x0000000074df9000 	C:\Windows\WinSxS\amd64_microsoft.vc80.crt_1fc8b3b9a1e18e3b_8.0.50727.6195_none_88e41e092fab0294\MSVCR80.dll
0x000007fefe590000 - 0x000007fefe5dd000 	C:\Windows\system32\WS2_32.dll
0x000007fefdef0000 - 0x000007fefdef8000 	C:\Windows\system32\NSI.dll
0x0000000001720000 - 0x0000000001832000 	C:\Program Files\MATLAB\R2007b\bin\win64\icuin36.dll
0x000000004ab00000 - 0x000000004ab11000 	C:\Program Files\MATLAB\R2007b\bin\win64\icuio36.dll
0x0000000074c20000 - 0x0000000074d29000 	C:\Windows\WinSxS\amd64_microsoft.vc80.crt_1fc8b3b9a1e18e3b_8.0.50727.6195_none_88e41e092fab0294\MSVCP80.dll
0x0000000076f40000 - 0x000000007703a000 	C:\Windows\system32\USER32.dll
0x000007fefde80000 - 0x000007fefdee7000 	C:\Windows\system32\GDI32.dll
0x000007feff800000 - 0x000007feff80e000 	C:\Windows\system32\LPK.dll
0x000007fefe4c0000 - 0x000007fefe589000 	C:\Windows\system32\USP10.dll
0x0000000001860000 - 0x0000000001877000 	C:\Program Files\MATLAB\R2007b\bin\win64\zlib1.dll
0x0000000001880000 - 0x00000000018d4000 	C:\Program Files\MATLAB\R2007b\bin\win64\mpath.dll
0x000007fefb340000 - 0x000007fefb3e0000 	C:\Windows\WinSxS\amd64_microsoft.windows.common-controls_6595b64144ccf1df_5.82.7601.17514_none_a4d6a923711520a9\COMCTL32.dll
0x000007feff890000 - 0x000007feff927000 	C:\Windows\system32\comdlg32.dll
0x000007fefe5e0000 - 0x000007fefe651000 	C:\Windows\system32\SHLWAPI.dll
0x000007fefe880000 - 0x000007feff608000 	C:\Windows\system32\SHELL32.dll
0x000007fefcf10000 - 0x000007fefcf26000 	C:\Windows\system32\NETAPI32.dll
0x000007fefcf00000 - 0x000007fefcf0c000 	C:\Windows\system32\netutils.dll
0x000007fefd520000 - 0x000007fefd543000 	C:\Windows\system32\srvcli.dll
0x000007fefcee0000 - 0x000007fefcef5000 	C:\Windows\system32\wkscli.dll
0x00000000018f0000 - 0x000000000193f000 	C:\Program Files\MATLAB\R2007b\bin\win64\mcr.dll
0x0000000001950000 - 0x000000000196e000 	C:\Program Files\MATLAB\R2007b\bin\win64\bridge.dll
0x0000000001980000 - 0x0000000001990000 	C:\Program Files\MATLAB\R2007b\bin\win64\iqm.dll
0x00000000019a0000 - 0x00000000019b1000 	C:\Program Files\MATLAB\R2007b\bin\win64\libmex.dll
0x00000000019d0000 - 0x0000000001a54000 	C:\Program Files\MATLAB\R2007b\bin\win64\m_dispatcher.dll
0x0000000001a70000 - 0x0000000001a95000 	C:\Program Files\MATLAB\R2007b\bin\win64\datasvcs.dll
0x0000000001ab0000 - 0x00000000022de000 	C:\Program Files\MATLAB\R2007b\bin\win64\m_interpreter.dll
0x000007fef4d50000 - 0x000007fef4e75000 	C:\Windows\system32\dbghelp.dll
0x00000000022f0000 - 0x0000000002320000 	C:\Program Files\MATLAB\R2007b\bin\win64\libmat.dll
0x0000000002330000 - 0x0000000002442000 	C:\Program Files\MATLAB\R2007b\bin\win64\libhdf5.dll
0x0000000002450000 - 0x000000000245b000 	C:\Program Files\MATLAB\R2007b\bin\win64\libmwmathrng.dll
0x0000000002470000 - 0x00000000024b8000 	C:\Program Files\MATLAB\R2007b\bin\win64\m_ir.dll
0x00000000024d0000 - 0x0000000002a88000 	C:\Program Files\MATLAB\R2007b\bin\win64\m_parser.dll
0x0000000002aa0000 - 0x0000000002ab0000 	C:\Program Files\MATLAB\R2007b\bin\win64\ir_xfmr.dll
0x0000000002ac0000 - 0x0000000002c76000 	C:\Program Files\MATLAB\R2007b\bin\win64\mcos.dll
0x0000000002c90000 - 0x0000000002c9c000 	C:\Program Files\MATLAB\R2007b\bin\win64\mtok.dll
0x0000000002cb0000 - 0x0000000002cd0000 	C:\Program Files\MATLAB\R2007b\bin\win64\m_pcodegen.dll
0x0000000002ce0000 - 0x0000000002cfb000 	C:\Program Files\MATLAB\R2007b\bin\win64\m_pcodeio.dll
0x0000000002d10000 - 0x0000000002d7c000 	C:\Program Files\MATLAB\R2007b\bin\win64\profiler.dll
0x0000000002d90000 - 0x0000000002da2000 	C:\Program Files\MATLAB\R2007b\bin\win64\boost_thread-vc80-mt-1_33_1.dll
0x0000000002dc0000 - 0x0000000002e80000 	C:\Program Files\MATLAB\R2007b\bin\win64\udd.dll
0x0000000002e90000 - 0x0000000002efb000 	C:\Program Files\MATLAB\R2007b\bin\win64\comcli.dll
0x0000000002f10000 - 0x0000000002f62000 	C:\Program Files\MATLAB\R2007b\bin\win64\jmi.dll
0x000007fefcf30000 - 0x000007fefcf39000 	C:\Windows\system32\WSOCK32.dll
0x0000000002f80000 - 0x000000000302f000 	C:\Program Files\MATLAB\R2007b\bin\win64\uiw.dll
0x0000000003040000 - 0x0000000003156000 	C:\Program Files\MATLAB\R2007b\bin\win64\libmwgui.dll
0x0000000003170000 - 0x00000000031ae000 	C:\Program Files\MATLAB\R2007b\bin\win64\libmwhardcopy.dll
0x00000000031c0000 - 0x0000000003211000 	C:\Program Files\MATLAB\R2007b\bin\win64\libuij.dll
0x0000000003230000 - 0x000000000323a000 	C:\Program Files\MATLAB\R2007b\bin\win64\uinone.dll
0x0000000074900000 - 0x0000000074a9c000 	C:\Windows\WinSxS\amd64_microsoft.vc80.mfc_1fc8b3b9a1e18e3b_8.0.50727.6195_none_8448b2bd328df189\MFC80.DLL
0x000007fefb910000 - 0x000007fefb981000 	C:\Windows\system32\WINSPOOL.DRV
0x000007fefe2b0000 - 0x000007fefe4b3000 	C:\Windows\system32\ole32.dll
0x000007fefe660000 - 0x000007fefe737000 	C:\Windows\system32\OLEAUT32.dll
0x0000000074870000 - 0x0000000074890000 	C:\Windows\WinSxS\amd64_microsoft.vc80.atl_1fc8b3b9a1e18e3b_8.0.50727.6195_none_8a1dd9552ed7f8d8\ATL80.DLL
0x0000000003250000 - 0x0000000003460000 	C:\Program Files\MATLAB\R2007b\bin\win64\hg.dll
0x0000000003470000 - 0x00000000036e9000 	C:\Program Files\MATLAB\R2007b\bin\win64\numerics.dll
0x0000000003700000 - 0x000000000370c000 	C:\Program Files\MATLAB\R2007b\bin\win64\libmwamd.dll
0x0000000003710000 - 0x00000000037a1000 	C:\Program Files\MATLAB\R2007b\bin\win64\libmwcholmod.dll
0x00000000037b0000 - 0x00000000037bb000 	C:\Program Files\MATLAB\R2007b\bin\win64\libmwcolamd.dll
0x00000000037c0000 - 0x00000000037de000 	C:\Program Files\MATLAB\R2007b\bin\win64\libmwlapack.dll
0x00000000037f0000 - 0x0000000003800000 	C:\Program Files\MATLAB\R2007b\bin\win64\libmwbinder.dll
0x0000000003810000 - 0x000000000381c000 	C:\Program Files\MATLAB\R2007b\bin\win64\libmwblas.dll
0x0000000003830000 - 0x0000000003838000 	C:\Program Files\MATLAB\R2007b\bin\win64\libmwcsparse.dll
0x0000000003840000 - 0x000000000386d000 	C:\Program Files\MATLAB\R2007b\bin\win64\libmwma57.dll
0x0000000003870000 - 0x000000000393c000 	C:\Program Files\MATLAB\R2007b\bin\win64\libifcoremd.dll
0x0000000003940000 - 0x0000000003b5a000 	C:\Program Files\MATLAB\R2007b\bin\win64\libmmd.dll
0x0000000003b60000 - 0x0000000003c29000 	C:\Program Files\MATLAB\R2007b\bin\win64\libmwumfpack.dll
0x0000000003c30000 - 0x0000000003cd6000 	C:\Program Files\MATLAB\R2007b\bin\win64\libfftw3.dll
0x0000000003cf0000 - 0x0000000003d91000 	C:\Program Files\MATLAB\R2007b\bin\win64\libfftw3f.dll
0x0000000003db0000 - 0x0000000003dbe000 	C:\Program Files\MATLAB\R2007b\bin\win64\mlautoregister.dll
0x0000000003dd0000 - 0x0000000003de7000 	C:\Program Files\MATLAB\R2007b\bin\win64\mwoles05.DLL
0x0000000003e00000 - 0x0000000003e8f000 	C:\Program Files\MATLAB\R2007b\bin\win64\udd_mi.dll
0x000007fefd910000 - 0x000007fefd967000 	C:\Windows\system32\apphelp.dll
0x000007feed390000 - 0x000007feed3e1000 	C:\Windows\AppPatch\AppPatch64\AcGenral.DLL
0x000007fefd8e0000 - 0x000007fefd905000 	C:\Windows\system32\SspiCli.dll
0x0000000073ff0000 - 0x0000000073ff3000 	C:\Windows\system32\sfc.dll
0x000007fef9d70000 - 0x000007fef9d80000 	C:\Windows\system32\sfc_os.DLL
0x000007fefcf40000 - 0x000007fefcf5e000 	C:\Windows\system32\USERENV.dll
0x000007fefda80000 - 0x000007fefda8f000 	C:\Windows\system32\profapi.dll
0x000007fefbc30000 - 0x000007fefbc48000 	C:\Windows\system32\dwmapi.dll
0x000007fef6170000 - 0x000007fef6188000 	C:\Windows\system32\MPR.dll
0x000007fefde50000 - 0x000007fefde7e000 	C:\Windows\system32\IMM32.DLL
0x000007feff6f0000 - 0x000007feff7f9000 	C:\Windows\system32\MSCTF.dll
0x0000000074860000 - 0x000000007486d000 	C:\Windows\WinSxS\amd64_microsoft.vc80.mfcloc_1fc8b3b9a1e18e3b_8.0.50727.6195_none_bc20f59b0bdd1acd\MFC80ENU.DLL
0x00000000074f0000 - 0x0000000007a97000 	C:\Program Files\MATLAB\R2007b\bin\win64\mllapack.dll
0x0000000007aa0000 - 0x0000000008222000 	C:\Program Files\MATLAB\R2007b\bin\win64\mkl.dll
0x0000000004290000 - 0x00000000042d5000 	C:\Program Files\MATLAB\R2007b\bin\win64\libguide40.dll
0x0000000004030000 - 0x0000000004036000 	C:\Program Files\MATLAB\R2007b\bin\win64\mklcompat.dll
0x000007fefbfc0000 - 0x000007fefc016000 	C:\Windows\system32\uxtheme.dll
0x000007fefd970000 - 0x000007fefd97f000 	C:\Windows\system32\CRYPTBASE.dll
0x000007fefc070000 - 0x000007fefc264000 	C:\Windows\WinSxS\amd64_microsoft.windows.common-controls_6595b64144ccf1df_6.0.7601.17514_none_fa396087175ac9ac\comctl32.dll
0x000007fefe0d0000 - 0x000007fefe2a7000 	C:\Windows\system32\SETUPAPI.dll
0x000007fefddb0000 - 0x000007fefdde6000 	C:\Windows\system32\CFGMGR32.dll
0x000007fefddf0000 - 0x000007fefde0a000 	C:\Windows\system32\DEVOBJ.dll
0x000007feff650000 - 0x000007feff6e9000 	C:\Windows\system32\CLBCatQ.DLL
0x000007fefc450000 - 0x000007fefc57c000 	C:\Windows\system32\propsys.dll
0x000007fefca60000 - 0x000007fefca8d000 	C:\Windows\system32\ntmarta.dll
0x000007fefe740000 - 0x000007fefe792000 	C:\Windows\system32\WLDAP32.dll
0x000000006bb20000 - 0x000000006bb23000 	C:\Windows\system32\icmp.Dll
0x000007fefaa10000 - 0x000007fefaa37000 	C:\Windows\system32\iphlpapi.DLL
0x000007fefa870000 - 0x000007fefa87b000 	C:\Windows\system32\WINNSI.DLL
0x0000000006dc0000 - 0x0000000006e25000 	C:\Program Files\WIDCOMM\Bluetooth Software\btmmhook.dll
0x000000000eb20000 - 0x000000000f071000 	C:\Program Files\MATLAB\R2007b\sys\java\jre\win64\jre1.6.0\bin\server\jvm.dll
0x000007fefc270000 - 0x000007fefc2ab000 	C:\Windows\system32\WINMM.dll
0x00000000044d0000 - 0x00000000044da000 	C:\Program Files\MATLAB\R2007b\sys\java\jre\win64\jre1.6.0\bin\hpi.dll
0x00000000044f0000 - 0x00000000044fe000 	C:\Program Files\MATLAB\R2007b\sys\java\jre\win64\jre1.6.0\bin\verify.dll
0x0000000006e30000 - 0x0000000006e57000 	C:\Program Files\MATLAB\R2007b\sys\java\jre\win64\jre1.6.0\bin\java.dll
0x00000000072b0000 - 0x00000000072c2000 	C:\Program Files\MATLAB\R2007b\sys\java\jre\win64\jre1.6.0\bin\zip.dll
0x00000000072d0000 - 0x00000000072e6000 	C:\Program Files\MATLAB\R2007b\bin\win64\nativejava.dll
0x00000000088f0000 - 0x0000000008906000 	C:\Program Files\MATLAB\R2007b\bin\win64\nativejmi.dll
0x000000000cf60000 - 0x000000000cf67000 	C:\Program Files\MATLAB\R2007b\bin\win64\nativeservices.dll

VM Arguments:
jvm_args: -Xss512k -XX:PermSize=32M -Xms64m -XX:NewRatio=3 -XX:MaxPermSize=128M -Xmx196m -XX:MaxDirectMemorySize=2147400000 -Dsun.java2d.noddraw=true -Dsun.awt.nopixfmt=true -Xshare:off -Djava.library.path=C:\Program Files\MATLAB\R2007b\bin\win64 vfprintf abort
java_command: <unknown>
Launcher Type: generic

Environment Variables:
CLASSPATH=.;C:\Program Files (x86)\Java\jre6\lib\ext\QTJava.zip
PATH=C:\Windows\system32;C:\Windows;C:\Windows\System32\Wbem;C:\Program Files\Intel\DMIX;C:\Program Files (x86)\NTRU Cryptosystems\NTRU TCG Software Stack\bin\;C:\Program Files\NTRU Cryptosystems\NTRU TCG Software Stack\bin\;C:\Program Files\Wave Systems Corp\Gemalto\Access Client\v5\;c:\Program Files (x86)\Common Files\Roxio Shared\DLLShared\;c:\Program Files (x86)\Common Files\Roxio Shared\10.0\DLLShared\;C:\Program Files\Dell\DW WLAN Card;C:\Program Files\WIDCOMM\Bluetooth Software\;C:\Program Files\WIDCOMM\Bluetooth Software\syswow64;C:\Program Files (x86)\MATLAB\R2007b\bin;C:\Program Files (x86)\MATLAB\R2007b\bin\win32;C:\Program Files\MATLAB\R2007b\bin;C:\Program Files\MATLAB\R2007b\bin\win64;C:\Program Files (x86)\QuickTime\QTSystem\;C:\Windows\System32\WindowsPowerShell\v1.0\
USERNAME=bgc
OS=Windows_NT
PROCESSOR_IDENTIFIER=Intel64 Family 6 Model 23 Stepping 10, GenuineIntel



---------------  S Y S T E M  ---------------

OS: Windows NT 6.1 Build 7601 Service Pack 1

CPU:total 2 em64t ht

Memory: 4k page, physical 8339372k(3047956k free), swap 16676896k(10899084k free)

vm_info: Java HotSpot(TM) 64-Bit Server VM (1.6.0-b105) for windows-amd64, built on Nov 29 2006 00:38:01 by "java_re" with unknown MS VC++:1400

